#
# There is insufficient memory for the Java Runtime Environment to continue.
# Native memory allocation (malloc) failed to allocate 32744 bytes for ChunkPool::allocate
# Possible reasons:
#   The system is out of physical RAM or swap space
#   The process is running with CompressedOops enabled, and the Java Heap may be blocking the growth of the native heap
# Possible solutions:
#   Reduce memory load on the system
#   Increase physical memory or swap space
#   Check if swap backing store is full
#   Decrease Java heap size (-Xmx/-Xms)
#   Decrease number of Java threads
#   Decrease Java thread stack sizes (-Xss)
#   Set larger code cache with -XX:ReservedCodeCacheSize=
#   JVM is running with Zero Based Compressed Oops mode in which the Java heap is
#     placed in the first 32GB address space. The Java Heap base address is the
#     maximum limit for the native heap growth. Please use -XX:HeapBaseMinAddress
#     to set the Java Heap base and to place the Java Heap above 32GB virtual address.
# This output file may be truncated or incomplete.
#
#  Out of Memory Error (arena.cpp:78), pid=22128, tid=21660
#
# JRE version: OpenJDK Runtime Environment (17.0.6) (build 17.0.6+0-b2043.56-10027231)
# Java VM: OpenJDK 64-Bit Server VM (17.0.6+0-b2043.56-10027231, mixed mode, tiered, compressed oops, compressed class ptrs, g1 gc, windows-amd64)
# No core dump will be written. Minidumps are not enabled by default on client versions of Windows
#

---------------  S U M M A R Y ------------

Command Line: -Dorg.gradle.appname=gradlew org.gradle.wrapper.GradleWrapperMain -q -Ptarget-platform=android-x86 -Ptarget=A:\GP_Virtual\MEYAA-GP1\app\lib\main.dart -Pbase-application-name=android.app.Application -Pdart-defines=RkxVVFRFUl9XRUJfQVVUT19ERVRFQ1Q9dHJ1ZQ==,RkxVVFRFUl9XRUJfQ0FOVkFTS0lUX1VSTD1odHRwczovL3d3dy5nc3RhdGljLmNvbS9mbHV0dGVyLWNhbnZhc2tpdC82ZTJlYTU4YTVjY2JlZmNmYWRjMmQ0YjdiODA0NWZjNmMyMGFiODEyLw== -Pdart-obfuscation=false -Ptrack-widget-creation=true -Ptree-shake-icons=false -Pfilesystem-scheme=org-dartlang-root assembleDebug

Host: 11th Gen Intel(R) Core(TM) i7-11800H @ 2.30GHz, 16 cores, 15G,  Windows 10 , 64 bit Build 19041 (10.0.19041.3636)
Time: Tue Apr  2 00:26:15 2024 Egypt Standard Time elapsed time: 5.392516 seconds (0d 0h 0m 5s)

---------------  T H R E A D  ---------------

Current thread (0x000002b7a636ef20):  JavaThread "main" [_thread_in_vm, id=21660, stack(0x000000f1f9e00000,0x000000f1f9f00000)]

Stack: [0x000000f1f9e00000,0x000000f1f9f00000]
Native frames: (J=compiled Java code, j=interpreted, Vv=VM code, C=native code)
V  [jvm.dll+0x683c9a]
V  [jvm.dll+0x8427a4]
V  [jvm.dll+0x843f9e]
V  [jvm.dll+0x844603]
V  [jvm.dll+0x249b75]
V  [jvm.dll+0xabecc]
V  [jvm.dll+0xac27c]
V  [jvm.dll+0x1ee00e]
V  [jvm.dll+0x1ee884]
V  [jvm.dll+0x1e3dcc]
V  [jvm.dll+0x547fed]
V  [jvm.dll+0x7bd59f]
V  [jvm.dll+0x7bd4e4]
V  [jvm.dll+0x411ece]
V  [jvm.dll+0x42573c]
C  [java.dll+0x1657]

Java frames: (J=compiled Java code, j=interpreted, Vv=VM code)
j  java.lang.ClassLoader.defineClass0(Ljava/lang/ClassLoader;Ljava/lang/Class;Ljava/lang/String;[BIILjava/security/ProtectionDomain;ZILjava/lang/Object;)Ljava/lang/Class;+0 java.base@17.0.6
j  java.lang.System$2.defineClass(Ljava/lang/ClassLoader;Ljava/lang/Class;Ljava/lang/String;[BLjava/security/ProtectionDomain;ZILjava/lang/Object;)Ljava/lang/Class;+17 java.base@17.0.6
j  java.lang.invoke.MethodHandles$Lookup$ClassDefiner.defineClass(ZLjava/lang/Object;)Ljava/lang/Class;+54 java.base@17.0.6
j  java.lang.invoke.MethodHandles$Lookup$ClassDefiner.defineClassAsLookup(Z)Ljava/lang/invoke/MethodHandles$Lookup;+3 java.base@17.0.6
j  java.lang.invoke.MethodHandles$Lookup.defineHiddenClass([BZ[Ljava/lang/invoke/MethodHandles$Lookup$ClassOption;)Ljava/lang/invoke/MethodHandles$Lookup;+65 java.base@17.0.6
j  java.lang.invoke.InnerClassLambdaMetafactory.generateInnerClass()Ljava/lang/Class;+580 java.base@17.0.6
j  java.lang.invoke.InnerClassLambdaMetafactory.spinInnerClass()Ljava/lang/Class;+114 java.base@17.0.6
j  java.lang.invoke.InnerClassLambdaMetafactory.buildCallSite()Ljava/lang/invoke/CallSite;+1 java.base@17.0.6
j  java.lang.invoke.LambdaMetafactory.metafactory(Ljava/lang/invoke/MethodHandles$Lookup;Ljava/lang/String;Ljava/lang/invoke/MethodType;Ljava/lang/invoke/MethodType;Ljava/lang/invoke/MethodHandle;Ljava/lang/invoke/MethodType;)Ljava/lang/invoke/CallSite;+67 java.base@17.0.6
j  java.lang.invoke.DirectMethodHandle$Holder.invokeStatic(Ljava/lang/Object;Ljava/lang/Object;Ljava/lang/Object;Ljava/lang/Object;Ljava/lang/Object;Ljava/lang/Object;Ljava/lang/Object;)Ljava/lang/Object;+20 java.base@17.0.6
j  java.lang.invoke.Invokers$Holder.invokeExact_MT(Ljava/lang/Object;Ljava/lang/Object;Ljava/lang/Object;Ljava/lang/Object;Ljava/lang/Object;Ljava/lang/Object;Ljava/lang/Object;Ljava/lang/Object;)Ljava/lang/Object;+28 java.base@17.0.6
j  java.lang.invoke.BootstrapMethodInvoker.invoke(Ljava/lang/Class;Ljava/lang/invoke/MethodHandle;Ljava/lang/String;Ljava/lang/Object;Ljava/lang/Object;Ljava/lang/Class;)Ljava/lang/Object;+319 java.base@17.0.6
j  java.lang.invoke.CallSite.makeSite(Ljava/lang/invoke/MethodHandle;Ljava/lang/String;Ljava/lang/invoke/MethodType;Ljava/lang/Object;Ljava/lang/Class;)Ljava/lang/invoke/CallSite;+8 java.base@17.0.6
j  java.lang.invoke.MethodHandleNatives.linkCallSiteImpl(Ljava/lang/Class;Ljava/lang/invoke/MethodHandle;Ljava/lang/String;Ljava/lang/invoke/MethodType;Ljava/lang/Object;[Ljava/lang/Object;)Ljava/lang/invoke/MemberName;+6 java.base@17.0.6
j  java.lang.invoke.MethodHandleNatives.linkCallSite(Ljava/lang/Object;ILjava/lang/Object;Ljava/lang/Object;Ljava/lang/Object;Ljava/lang/Object;[Ljava/lang/Object;)Ljava/lang/invoke/MemberName;+46 java.base@17.0.6
v  ~StubRoutines::call_stub
j  org.gradle.launcher.daemon.client.DaemonClient.findCrashLogFile(Lorg/gradle/launcher/daemon/protocol/Build;Lorg/gradle/launcher/daemon/diagnostics/DaemonDiagnostics;)Ljava/util/Optional;+111
j  org.gradle.launcher.daemon.client.DaemonClient.handleDaemonDisappearance(Lorg/gradle/launcher/daemon/protocol/Build;Lorg/gradle/launcher/daemon/diagnostics/DaemonDiagnostics;)Lorg/gradle/launcher/daemon/protocol/Result;+26
j  org.gradle.launcher.daemon.client.DaemonClient.monitorBuild(Lorg/gradle/launcher/daemon/protocol/Build;Lorg/gradle/launcher/daemon/diagnostics/DaemonDiagnostics;Lorg/gradle/internal/remote/internal/Connection;Lorg/gradle/initialization/BuildCancellationToken;Lorg/gradle/initialization/BuildEventConsumer;)Ljava/lang/Object;+111
j  org.gradle.launcher.daemon.client.DaemonClient.executeBuild(Lorg/gradle/launcher/daemon/protocol/Build;Lorg/gradle/launcher/daemon/client/DaemonClientConnection;Lorg/gradle/initialization/BuildCancellationToken;Lorg/gradle/initialization/BuildEventConsumer;)Lorg/gradle/launcher/exec/BuildActionResult;+128
j  org.gradle.launcher.daemon.client.DaemonClient.execute(Lorg/gradle/internal/invocation/BuildAction;Lorg/gradle/launcher/exec/BuildActionParameters;Lorg/gradle/initialization/BuildRequestContext;)Lorg/gradle/launcher/exec/BuildActionResult;+272
j  org.gradle.launcher.daemon.client.DaemonClient.execute(Lorg/gradle/internal/invocation/BuildAction;Ljava/lang/Object;Ljava/lang/Object;)Lorg/gradle/launcher/exec/BuildActionResult;+10
j  org.gradle.launcher.cli.RunBuildAction.run()V+74
j  org.gradle.internal.Actions$RunnableActionAdapter.execute(Ljava/lang/Object;)V+4
j  org.gradle.launcher.cli.DefaultCommandLineActionFactory$ParseAndBuildAction.execute(Lorg/gradle/launcher/bootstrap/ExecutionListener;)V+60
j  org.gradle.launcher.cli.DefaultCommandLineActionFactory$ParseAndBuildAction.execute(Ljava/lang/Object;)V+5
j  org.gradle.launcher.cli.DebugLoggerWarningAction.execute(Lorg/gradle/launcher/bootstrap/ExecutionListener;)V+9
j  org.gradle.launcher.cli.DebugLoggerWarningAction.execute(Ljava/lang/Object;)V+5
j  org.gradle.launcher.cli.WelcomeMessageAction.execute(Lorg/gradle/launcher/bootstrap/ExecutionListener;)V+218
j  org.gradle.launcher.cli.WelcomeMessageAction.execute(Ljava/lang/Object;)V+5
j  org.gradle.launcher.cli.NativeServicesInitializingAction.execute(Lorg/gradle/launcher/bootstrap/ExecutionListener;)V+35
j  org.gradle.launcher.cli.NativeServicesInitializingAction.execute(Ljava/lang/Object;)V+5
j  org.gradle.launcher.cli.ExceptionReportingAction.execute(Lorg/gradle/launcher/bootstrap/ExecutionListener;)V+5
j  org.gradle.launcher.cli.ExceptionReportingAction.execute(Ljava/lang/Object;)V+5
j  org.gradle.launcher.cli.DefaultCommandLineActionFactory$WithLogging.execute(Lorg/gradle/launcher/bootstrap/ExecutionListener;)V+299
j  org.gradle.launcher.Main.doAction([Ljava/lang/String;Lorg/gradle/launcher/bootstrap/ExecutionListener;)V+14
j  org.gradle.launcher.bootstrap.EntryPoint.run([Ljava/lang/String;)V+12
v  ~StubRoutines::call_stub
j  jdk.internal.reflect.NativeMethodAccessorImpl.invoke0(Ljava/lang/reflect/Method;Ljava/lang/Object;[Ljava/lang/Object;)Ljava/lang/Object;+0 java.base@17.0.6
j  jdk.internal.reflect.NativeMethodAccessorImpl.invoke(Ljava/lang/Object;[Ljava/lang/Object;)Ljava/lang/Object;+133 java.base@17.0.6
j  jdk.internal.reflect.DelegatingMethodAccessorImpl.invoke(Ljava/lang/Object;[Ljava/lang/Object;)Ljava/lang/Object;+6 java.base@17.0.6
j  java.lang.reflect.Method.invoke(Ljava/lang/Object;[Ljava/lang/Object;)Ljava/lang/Object;+59 java.base@17.0.6
j  org.gradle.launcher.bootstrap.ProcessBootstrap.runNoExit(Ljava/lang/String;[Ljava/lang/String;)V+159
j  org.gradle.launcher.bootstrap.ProcessBootstrap.run(Ljava/lang/String;[Ljava/lang/String;)V+2
v  ~StubRoutines::call_stub
j  jdk.internal.reflect.NativeMethodAccessorImpl.invoke0(Ljava/lang/reflect/Method;Ljava/lang/Object;[Ljava/lang/Object;)Ljava/lang/Object;+0 java.base@17.0.6
j  jdk.internal.reflect.NativeMethodAccessorImpl.invoke(Ljava/lang/Object;[Ljava/lang/Object;)Ljava/lang/Object;+133 java.base@17.0.6
j  jdk.internal.reflect.DelegatingMethodAccessorImpl.invoke(Ljava/lang/Object;[Ljava/lang/Object;)Ljava/lang/Object;+6 java.base@17.0.6
j  java.lang.reflect.Method.invoke(Ljava/lang/Object;[Ljava/lang/Object;)Ljava/lang/Object;+59 java.base@17.0.6
j  org.gradle.launcher.GradleMain.main([Ljava/lang/String;)V+100
v  ~StubRoutines::call_stub
j  jdk.internal.reflect.NativeMethodAccessorImpl.invoke0(Ljava/lang/reflect/Method;Ljava/lang/Object;[Ljava/lang/Object;)Ljava/lang/Object;+0 java.base@17.0.6
j  jdk.internal.reflect.NativeMethodAccessorImpl.invoke(Ljava/lang/Object;[Ljava/lang/Object;)Ljava/lang/Object;+133 java.base@17.0.6
j  jdk.internal.reflect.DelegatingMethodAccessorImpl.invoke(Ljava/lang/Object;[Ljava/lang/Object;)Ljava/lang/Object;+6 java.base@17.0.6
j  java.lang.reflect.Method.invoke(Ljava/lang/Object;[Ljava/lang/Object;)Ljava/lang/Object;+59 java.base@17.0.6
j  org.gradle.wrapper.BootstrapMainStarter.start([Ljava/lang/String;Ljava/io/File;)V+82
j  org.gradle.wrapper.WrapperExecutor.execute([Ljava/lang/String;Lorg/gradle/wrapper/Install;Lorg/gradle/wrapper/BootstrapMainStarter;)V+14
j  org.gradle.wrapper.GradleWrapperMain.main([Ljava/lang/String;)V+190
v  ~StubRoutines::call_stub

---------------  P R O C E S S  ---------------

Threads class SMR info:
_java_thread_list=0x000002b7c78e6320, length=15, elements={
0x000002b7a636ef20, 0x000002b7c607a260, 0x000002b7c607ed30, 0x000002b7c609e3a0,
0x000002b7c60bf190, 0x000002b7c60bfa50, 0x000002b7c60b35c0, 0x000002b7c60b6880,
0x000002b7c60b7230, 0x000002b7c60cff90, 0x000002b7c62498a0, 0x000002b7c624c540,
0x000002b7c78ac910, 0x000002b7c7bfbc70, 0x000002b7c7bfc510
}

Java Threads: ( => current thread )
=>0x000002b7a636ef20 JavaThread "main" [_thread_in_vm, id=21660, stack(0x000000f1f9e00000,0x000000f1f9f00000)]
  0x000002b7c607a260 JavaThread "Reference Handler" daemon [_thread_blocked, id=8252, stack(0x000000f1fa500000,0x000000f1fa600000)]
  0x000002b7c607ed30 JavaThread "Finalizer" daemon [_thread_blocked, id=20912, stack(0x000000f1fa600000,0x000000f1fa700000)]
  0x000002b7c609e3a0 JavaThread "Signal Dispatcher" daemon [_thread_blocked, id=6604, stack(0x000000f1fa700000,0x000000f1fa800000)]
  0x000002b7c60bf190 JavaThread "Attach Listener" daemon [_thread_blocked, id=23096, stack(0x000000f1fa800000,0x000000f1fa900000)]
  0x000002b7c60bfa50 JavaThread "Service Thread" daemon [_thread_blocked, id=12152, stack(0x000000f1fa900000,0x000000f1faa00000)]
  0x000002b7c60b35c0 JavaThread "Monitor Deflation Thread" daemon [_thread_blocked, id=17316, stack(0x000000f1faa00000,0x000000f1fab00000)]
  0x000002b7c60b6880 JavaThread "C2 CompilerThread0" daemon [_thread_in_native, id=16476, stack(0x000000f1fab00000,0x000000f1fac00000)]
  0x000002b7c60b7230 JavaThread "C1 CompilerThread0" daemon [_thread_in_native, id=16484, stack(0x000000f1fac00000,0x000000f1fad00000)]
  0x000002b7c60cff90 JavaThread "Sweeper thread" daemon [_thread_blocked, id=16524, stack(0x000000f1fad00000,0x000000f1fae00000)]
  0x000002b7c62498a0 JavaThread "Notification Thread" daemon [_thread_blocked, id=21520, stack(0x000000f1faf00000,0x000000f1fb000000)]
  0x000002b7c624c540 JavaThread "Common-Cleaner" daemon [_thread_blocked, id=19744, stack(0x000000f1fb100000,0x000000f1fb200000)]
  0x000002b7c78ac910 JavaThread "pool-1-thread-1" [_thread_blocked, id=21744, stack(0x000000f1fba00000,0x000000f1fbb00000)]
  0x000002b7c7bfbc70 JavaThread "DisconnectableInputStream source reader" daemon [_thread_in_native, id=10516, stack(0x000000f1fbc00000,0x000000f1fbd00000)]
  0x000002b7c7bfc510 JavaThread "Forward input" [_thread_blocked, id=13460, stack(0x000000f1fbd00000,0x000000f1fbe00000)]

Other Threads:
  0x000002b7c56dec40 VMThread "VM Thread" [stack: 0x000000f1fa400000,0x000000f1fa500000] [id=9244]
  0x000002b7c6062910 WatcherThread [stack: 0x000000f1fb000000,0x000000f1fb100000] [id=12664]
  0x000002b7a63d7ad0 GCTaskThread "GC Thread#0" [stack: 0x000000f1f9f00000,0x000000f1fa000000] [id=17092]
  0x000002b7c75cff00 GCTaskThread "GC Thread#1" [stack: 0x000000f1fb300000,0x000000f1fb400000] [id=13432]
  0x000002b7c7681c40 GCTaskThread "GC Thread#2" [stack: 0x000000f1fb400000,0x000000f1fb500000] [id=10132]
  0x000002b7c75d01b0 GCTaskThread "GC Thread#3" [stack: 0x000000f1fb500000,0x000000f1fb600000] [id=15548]
  0x000002b7c67d0ab0 GCTaskThread "GC Thread#4" [stack: 0x000000f1fb600000,0x000000f1fb700000] [id=16800]
  0x000002b7c67d0d60 GCTaskThread "GC Thread#5" [stack: 0x000000f1fb700000,0x000000f1fb800000] [id=22172]
  0x000002b7a63e94f0 ConcurrentGCThread "G1 Main Marker" [stack: 0x000000f1fa000000,0x000000f1fa100000] [id=4540]
  0x000002b7a63e9e10 ConcurrentGCThread "G1 Conc#0" [stack: 0x000000f1fa100000,0x000000f1fa200000] [id=17128]
  0x000002b7c558e610 ConcurrentGCThread "G1 Refine#0" [stack: 0x000000f1fa200000,0x000000f1fa300000] [id=4048]
  0x000002b7c558ee40 ConcurrentGCThread "G1 Service" [stack: 0x000000f1fa300000,0x000000f1fa400000] [id=20680]

Threads with active compile tasks:
C2 CompilerThread0     5397 1561       4       jdk.internal.org.objectweb.asm.Symbol::<init> (38 bytes)
C1 CompilerThread0     5397 1560       3       java.lang.invoke.MethodHandles$Lookup::hasFullPrivilegeAccess (18 bytes)

VM state: not at safepoint (normal execution)

VM Mutex/Monitor currently owned by a thread: None

Heap address: 0x0000000704400000, size: 4028 MB, Compressed Oops mode: Zero based, Oop shift amount: 3

CDS archive(s) not mapped
Compressed class space mapped at: 0x0000000800000000-0x0000000840000000, reserved size: 1073741824
Narrow klass base: 0x0000000800000000, Narrow klass shift: 0, Narrow klass range: 0x40000000

GC Precious Log:
 CPUs: 16 total, 16 available
 Memory: 16110M
 Large Page Support: Disabled
 NUMA Support: Disabled
 Compressed Oops: Enabled (Zero based)
 Heap Region Size: 2M
 Heap Min Capacity: 8M
 Heap Initial Capacity: 252M
 Heap Max Capacity: 4028M
 Pre-touch: Disabled
 Parallel Workers: 13
 Concurrent Workers: 3
 Concurrent Refinement Workers: 13
 Periodic GC: Disabled

Heap:
 garbage-first heap   total 258048K, used 32645K [0x0000000704400000, 0x0000000800000000)
  region size 2048K, 14 young (28672K), 2 survivors (4096K)
 Metaspace       used 17621K, committed 17856K, reserved 1064960K
  class space    used 2027K, committed 2112K, reserved 1048576K

Heap Regions: E=young(eden), S=young(survivor), O=old, HS=humongous(starts), HC=humongous(continues), CS=collection set, F=free, OA=open archive, CA=closed archive, TAMS=top-at-mark-start (previous, next)
|   0|0x0000000704400000, 0x0000000704400000, 0x0000000704600000|  0%| F|  |TAMS 0x0000000704400000, 0x0000000704400000| Untracked 
|   1|0x0000000704600000, 0x0000000704600000, 0x0000000704800000|  0%| F|  |TAMS 0x0000000704600000, 0x0000000704600000| Untracked 
|   2|0x0000000704800000, 0x0000000704a00000, 0x0000000704a00000|100%|HS|  |TAMS 0x0000000704800000, 0x0000000704800000| Complete 
|   3|0x0000000704a00000, 0x0000000704c00000, 0x0000000704c00000|100%|HC|  |TAMS 0x0000000704a00000, 0x0000000704a00000| Complete 
|   4|0x0000000704c00000, 0x0000000704de1400, 0x0000000704e00000| 93%| O|  |TAMS 0x0000000704c00000, 0x0000000704c00000| Untracked 
|   5|0x0000000704e00000, 0x0000000704e00000, 0x0000000705000000|  0%| F|  |TAMS 0x0000000704e00000, 0x0000000704e00000| Untracked 
|   6|0x0000000705000000, 0x0000000705000000, 0x0000000705200000|  0%| F|  |TAMS 0x0000000705000000, 0x0000000705000000| Untracked 
|   7|0x0000000705200000, 0x0000000705200000, 0x0000000705400000|  0%| F|  |TAMS 0x0000000705200000, 0x0000000705200000| Untracked 
|   8|0x0000000705400000, 0x0000000705400000, 0x0000000705600000|  0%| F|  |TAMS 0x0000000705400000, 0x0000000705400000| Untracked 
|   9|0x0000000705600000, 0x0000000705600000, 0x0000000705800000|  0%| F|  |TAMS 0x0000000705600000, 0x0000000705600000| Untracked 
|  10|0x0000000705800000, 0x0000000705800000, 0x0000000705a00000|  0%| F|  |TAMS 0x0000000705800000, 0x0000000705800000| Untracked 
|  11|0x0000000705a00000, 0x0000000705a00000, 0x0000000705c00000|  0%| F|  |TAMS 0x0000000705a00000, 0x0000000705a00000| Untracked 
|  12|0x0000000705c00000, 0x0000000705c00000, 0x0000000705e00000|  0%| F|  |TAMS 0x0000000705c00000, 0x0000000705c00000| Untracked 
|  13|0x0000000705e00000, 0x0000000705e00000, 0x0000000706000000|  0%| F|  |TAMS 0x0000000705e00000, 0x0000000705e00000| Untracked 
|  14|0x0000000706000000, 0x0000000706000000, 0x0000000706200000|  0%| F|  |TAMS 0x0000000706000000, 0x0000000706000000| Untracked 
|  15|0x0000000706200000, 0x0000000706200000, 0x0000000706400000|  0%| F|  |TAMS 0x0000000706200000, 0x0000000706200000| Untracked 
|  16|0x0000000706400000, 0x0000000706400000, 0x0000000706600000|  0%| F|  |TAMS 0x0000000706400000, 0x0000000706400000| Untracked 
|  17|0x0000000706600000, 0x0000000706600000, 0x0000000706800000|  0%| F|  |TAMS 0x0000000706600000, 0x0000000706600000| Untracked 
|  18|0x0000000706800000, 0x0000000706800000, 0x0000000706a00000|  0%| F|  |TAMS 0x0000000706800000, 0x0000000706800000| Untracked 
|  19|0x0000000706a00000, 0x0000000706a00000, 0x0000000706c00000|  0%| F|  |TAMS 0x0000000706a00000, 0x0000000706a00000| Untracked 
|  20|0x0000000706c00000, 0x0000000706c00000, 0x0000000706e00000|  0%| F|  |TAMS 0x0000000706c00000, 0x0000000706c00000| Untracked 
|  21|0x0000000706e00000, 0x0000000706e00000, 0x0000000707000000|  0%| F|  |TAMS 0x0000000706e00000, 0x0000000706e00000| Untracked 
|  22|0x0000000707000000, 0x0000000707000000, 0x0000000707200000|  0%| F|  |TAMS 0x0000000707000000, 0x0000000707000000| Untracked 
|  23|0x0000000707200000, 0x0000000707200000, 0x0000000707400000|  0%| F|  |TAMS 0x0000000707200000, 0x0000000707200000| Untracked 
|  24|0x0000000707400000, 0x0000000707400000, 0x0000000707600000|  0%| F|  |TAMS 0x0000000707400000, 0x0000000707400000| Untracked 
|  25|0x0000000707600000, 0x0000000707600000, 0x0000000707800000|  0%| F|  |TAMS 0x0000000707600000, 0x0000000707600000| Untracked 
|  26|0x0000000707800000, 0x0000000707800000, 0x0000000707a00000|  0%| F|  |TAMS 0x0000000707800000, 0x0000000707800000| Untracked 
|  27|0x0000000707a00000, 0x0000000707a00000, 0x0000000707c00000|  0%| F|  |TAMS 0x0000000707a00000, 0x0000000707a00000| Untracked 
|  28|0x0000000707c00000, 0x0000000707c00000, 0x0000000707e00000|  0%| F|  |TAMS 0x0000000707c00000, 0x0000000707c00000| Untracked 
|  29|0x0000000707e00000, 0x0000000707e00000, 0x0000000708000000|  0%| F|  |TAMS 0x0000000707e00000, 0x0000000707e00000| Untracked 
|  30|0x0000000708000000, 0x0000000708000000, 0x0000000708200000|  0%| F|  |TAMS 0x0000000708000000, 0x0000000708000000| Untracked 
|  31|0x0000000708200000, 0x0000000708200000, 0x0000000708400000|  0%| F|  |TAMS 0x0000000708200000, 0x0000000708200000| Untracked 
|  32|0x0000000708400000, 0x0000000708400000, 0x0000000708600000|  0%| F|  |TAMS 0x0000000708400000, 0x0000000708400000| Untracked 
|  33|0x0000000708600000, 0x0000000708600000, 0x0000000708800000|  0%| F|  |TAMS 0x0000000708600000, 0x0000000708600000| Untracked 
|  34|0x0000000708800000, 0x0000000708800000, 0x0000000708a00000|  0%| F|  |TAMS 0x0000000708800000, 0x0000000708800000| Untracked 
|  35|0x0000000708a00000, 0x0000000708a00000, 0x0000000708c00000|  0%| F|  |TAMS 0x0000000708a00000, 0x0000000708a00000| Untracked 
|  36|0x0000000708c00000, 0x0000000708c00000, 0x0000000708e00000|  0%| F|  |TAMS 0x0000000708c00000, 0x0000000708c00000| Untracked 
|  37|0x0000000708e00000, 0x0000000708e00000, 0x0000000709000000|  0%| F|  |TAMS 0x0000000708e00000, 0x0000000708e00000| Untracked 
|  38|0x0000000709000000, 0x0000000709000000, 0x0000000709200000|  0%| F|  |TAMS 0x0000000709000000, 0x0000000709000000| Untracked 
|  39|0x0000000709200000, 0x0000000709200000, 0x0000000709400000|  0%| F|  |TAMS 0x0000000709200000, 0x0000000709200000| Untracked 
|  40|0x0000000709400000, 0x0000000709400000, 0x0000000709600000|  0%| F|  |TAMS 0x0000000709400000, 0x0000000709400000| Untracked 
|  41|0x0000000709600000, 0x0000000709600000, 0x0000000709800000|  0%| F|  |TAMS 0x0000000709600000, 0x0000000709600000| Untracked 
|  42|0x0000000709800000, 0x0000000709800000, 0x0000000709a00000|  0%| F|  |TAMS 0x0000000709800000, 0x0000000709800000| Untracked 
|  43|0x0000000709a00000, 0x0000000709a00000, 0x0000000709c00000|  0%| F|  |TAMS 0x0000000709a00000, 0x0000000709a00000| Untracked 
|  44|0x0000000709c00000, 0x0000000709c00000, 0x0000000709e00000|  0%| F|  |TAMS 0x0000000709c00000, 0x0000000709c00000| Untracked 
|  45|0x0000000709e00000, 0x0000000709e00000, 0x000000070a000000|  0%| F|  |TAMS 0x0000000709e00000, 0x0000000709e00000| Untracked 
|  46|0x000000070a000000, 0x000000070a000000, 0x000000070a200000|  0%| F|  |TAMS 0x000000070a000000, 0x000000070a000000| Untracked 
|  47|0x000000070a200000, 0x000000070a200000, 0x000000070a400000|  0%| F|  |TAMS 0x000000070a200000, 0x000000070a200000| Untracked 
|  48|0x000000070a400000, 0x000000070a400000, 0x000000070a600000|  0%| F|  |TAMS 0x000000070a400000, 0x000000070a400000| Untracked 
|  49|0x000000070a600000, 0x000000070a600000, 0x000000070a800000|  0%| F|  |TAMS 0x000000070a600000, 0x000000070a600000| Untracked 
|  50|0x000000070a800000, 0x000000070a800000, 0x000000070aa00000|  0%| F|  |TAMS 0x000000070a800000, 0x000000070a800000| Untracked 
|  51|0x000000070aa00000, 0x000000070aa00000, 0x000000070ac00000|  0%| F|  |TAMS 0x000000070aa00000, 0x000000070aa00000| Untracked 
|  52|0x000000070ac00000, 0x000000070ac00000, 0x000000070ae00000|  0%| F|  |TAMS 0x000000070ac00000, 0x000000070ac00000| Untracked 
|  53|0x000000070ae00000, 0x000000070ae00000, 0x000000070b000000|  0%| F|  |TAMS 0x000000070ae00000, 0x000000070ae00000| Untracked 
|  54|0x000000070b000000, 0x000000070b000000, 0x000000070b200000|  0%| F|  |TAMS 0x000000070b000000, 0x000000070b000000| Untracked 
|  55|0x000000070b200000, 0x000000070b200000, 0x000000070b400000|  0%| F|  |TAMS 0x000000070b200000, 0x000000070b200000| Untracked 
|  56|0x000000070b400000, 0x000000070b400000, 0x000000070b600000|  0%| F|  |TAMS 0x000000070b400000, 0x000000070b400000| Untracked 
|  57|0x000000070b600000, 0x000000070b600000, 0x000000070b800000|  0%| F|  |TAMS 0x000000070b600000, 0x000000070b600000| Untracked 
|  58|0x000000070b800000, 0x000000070b800000, 0x000000070ba00000|  0%| F|  |TAMS 0x000000070b800000, 0x000000070b800000| Untracked 
|  59|0x000000070ba00000, 0x000000070ba00000, 0x000000070bc00000|  0%| F|  |TAMS 0x000000070ba00000, 0x000000070ba00000| Untracked 
|  60|0x000000070bc00000, 0x000000070bc00000, 0x000000070be00000|  0%| F|  |TAMS 0x000000070bc00000, 0x000000070bc00000| Untracked 
|  61|0x000000070be00000, 0x000000070be00000, 0x000000070c000000|  0%| F|  |TAMS 0x000000070be00000, 0x000000070be00000| Untracked 
|  62|0x000000070c000000, 0x000000070c000000, 0x000000070c200000|  0%| F|  |TAMS 0x000000070c000000, 0x000000070c000000| Untracked 
|  63|0x000000070c200000, 0x000000070c200000, 0x000000070c400000|  0%| F|  |TAMS 0x000000070c200000, 0x000000070c200000| Untracked 
|  64|0x000000070c400000, 0x000000070c400000, 0x000000070c600000|  0%| F|  |TAMS 0x000000070c400000, 0x000000070c400000| Untracked 
|  65|0x000000070c600000, 0x000000070c600000, 0x000000070c800000|  0%| F|  |TAMS 0x000000070c600000, 0x000000070c600000| Untracked 
|  66|0x000000070c800000, 0x000000070c800000, 0x000000070ca00000|  0%| F|  |TAMS 0x000000070c800000, 0x000000070c800000| Untracked 
|  67|0x000000070ca00000, 0x000000070ca00000, 0x000000070cc00000|  0%| F|  |TAMS 0x000000070ca00000, 0x000000070ca00000| Untracked 
|  68|0x000000070cc00000, 0x000000070cc00000, 0x000000070ce00000|  0%| F|  |TAMS 0x000000070cc00000, 0x000000070cc00000| Untracked 
|  69|0x000000070ce00000, 0x000000070ce00000, 0x000000070d000000|  0%| F|  |TAMS 0x000000070ce00000, 0x000000070ce00000| Untracked 
|  70|0x000000070d000000, 0x000000070d000000, 0x000000070d200000|  0%| F|  |TAMS 0x000000070d000000, 0x000000070d000000| Untracked 
|  71|0x000000070d200000, 0x000000070d200000, 0x000000070d400000|  0%| F|  |TAMS 0x000000070d200000, 0x000000070d200000| Untracked 
|  72|0x000000070d400000, 0x000000070d400000, 0x000000070d600000|  0%| F|  |TAMS 0x000000070d400000, 0x000000070d400000| Untracked 
|  73|0x000000070d600000, 0x000000070d600000, 0x000000070d800000|  0%| F|  |TAMS 0x000000070d600000, 0x000000070d600000| Untracked 
|  74|0x000000070d800000, 0x000000070d800000, 0x000000070da00000|  0%| F|  |TAMS 0x000000070d800000, 0x000000070d800000| Untracked 
|  75|0x000000070da00000, 0x000000070da00000, 0x000000070dc00000|  0%| F|  |TAMS 0x000000070da00000, 0x000000070da00000| Untracked 
|  76|0x000000070dc00000, 0x000000070dc00000, 0x000000070de00000|  0%| F|  |TAMS 0x000000070dc00000, 0x000000070dc00000| Untracked 
|  77|0x000000070de00000, 0x000000070de00000, 0x000000070e000000|  0%| F|  |TAMS 0x000000070de00000, 0x000000070de00000| Untracked 
|  78|0x000000070e000000, 0x000000070e000000, 0x000000070e200000|  0%| F|  |TAMS 0x000000070e000000, 0x000000070e000000| Untracked 
|  79|0x000000070e200000, 0x000000070e200000, 0x000000070e400000|  0%| F|  |TAMS 0x000000070e200000, 0x000000070e200000| Untracked 
|  80|0x000000070e400000, 0x000000070e400000, 0x000000070e600000|  0%| F|  |TAMS 0x000000070e400000, 0x000000070e400000| Untracked 
|  81|0x000000070e600000, 0x000000070e600000, 0x000000070e800000|  0%| F|  |TAMS 0x000000070e600000, 0x000000070e600000| Untracked 
|  82|0x000000070e800000, 0x000000070e800000, 0x000000070ea00000|  0%| F|  |TAMS 0x000000070e800000, 0x000000070e800000| Untracked 
|  83|0x000000070ea00000, 0x000000070ea00000, 0x000000070ec00000|  0%| F|  |TAMS 0x000000070ea00000, 0x000000070ea00000| Untracked 
|  84|0x000000070ec00000, 0x000000070ec00000, 0x000000070ee00000|  0%| F|  |TAMS 0x000000070ec00000, 0x000000070ec00000| Untracked 
|  85|0x000000070ee00000, 0x000000070ee00000, 0x000000070f000000|  0%| F|  |TAMS 0x000000070ee00000, 0x000000070ee00000| Untracked 
|  86|0x000000070f000000, 0x000000070f000000, 0x000000070f200000|  0%| F|  |TAMS 0x000000070f000000, 0x000000070f000000| Untracked 
|  87|0x000000070f200000, 0x000000070f200000, 0x000000070f400000|  0%| F|  |TAMS 0x000000070f200000, 0x000000070f200000| Untracked 
|  88|0x000000070f400000, 0x000000070f400000, 0x000000070f600000|  0%| F|  |TAMS 0x000000070f400000, 0x000000070f400000| Untracked 
|  89|0x000000070f600000, 0x000000070f600000, 0x000000070f800000|  0%| F|  |TAMS 0x000000070f600000, 0x000000070f600000| Untracked 
|  90|0x000000070f800000, 0x000000070f800000, 0x000000070fa00000|  0%| F|  |TAMS 0x000000070f800000, 0x000000070f800000| Untracked 
|  91|0x000000070fa00000, 0x000000070fa00000, 0x000000070fc00000|  0%| F|  |TAMS 0x000000070fa00000, 0x000000070fa00000| Untracked 
|  92|0x000000070fc00000, 0x000000070fc00000, 0x000000070fe00000|  0%| F|  |TAMS 0x000000070fc00000, 0x000000070fc00000| Untracked 
|  93|0x000000070fe00000, 0x000000070fe00000, 0x0000000710000000|  0%| F|  |TAMS 0x000000070fe00000, 0x000000070fe00000| Untracked 
|  94|0x0000000710000000, 0x0000000710000000, 0x0000000710200000|  0%| F|  |TAMS 0x0000000710000000, 0x0000000710000000| Untracked 
|  95|0x0000000710200000, 0x0000000710200000, 0x0000000710400000|  0%| F|  |TAMS 0x0000000710200000, 0x0000000710200000| Untracked 
|  96|0x0000000710400000, 0x0000000710400000, 0x0000000710600000|  0%| F|  |TAMS 0x0000000710400000, 0x0000000710400000| Untracked 
|  97|0x0000000710600000, 0x0000000710600000, 0x0000000710800000|  0%| F|  |TAMS 0x0000000710600000, 0x0000000710600000| Untracked 
|  98|0x0000000710800000, 0x0000000710800000, 0x0000000710a00000|  0%| F|  |TAMS 0x0000000710800000, 0x0000000710800000| Untracked 
|  99|0x0000000710a00000, 0x0000000710a00000, 0x0000000710c00000|  0%| F|  |TAMS 0x0000000710a00000, 0x0000000710a00000| Untracked 
| 100|0x0000000710c00000, 0x0000000710c00000, 0x0000000710e00000|  0%| F|  |TAMS 0x0000000710c00000, 0x0000000710c00000| Untracked 
| 101|0x0000000710e00000, 0x0000000710e00000, 0x0000000711000000|  0%| F|  |TAMS 0x0000000710e00000, 0x0000000710e00000| Untracked 
| 102|0x0000000711000000, 0x0000000711000000, 0x0000000711200000|  0%| F|  |TAMS 0x0000000711000000, 0x0000000711000000| Untracked 
| 103|0x0000000711200000, 0x0000000711200000, 0x0000000711400000|  0%| F|  |TAMS 0x0000000711200000, 0x0000000711200000| Untracked 
| 104|0x0000000711400000, 0x0000000711400000, 0x0000000711600000|  0%| F|  |TAMS 0x0000000711400000, 0x0000000711400000| Untracked 
| 105|0x0000000711600000, 0x0000000711600000, 0x0000000711800000|  0%| F|  |TAMS 0x0000000711600000, 0x0000000711600000| Untracked 
| 106|0x0000000711800000, 0x0000000711800000, 0x0000000711a00000|  0%| F|  |TAMS 0x0000000711800000, 0x0000000711800000| Untracked 
| 107|0x0000000711a00000, 0x0000000711a00000, 0x0000000711c00000|  0%| F|  |TAMS 0x0000000711a00000, 0x0000000711a00000| Untracked 
| 108|0x0000000711c00000, 0x0000000711c00000, 0x0000000711e00000|  0%| F|  |TAMS 0x0000000711c00000, 0x0000000711c00000| Untracked 
| 109|0x0000000711e00000, 0x0000000711e00000, 0x0000000712000000|  0%| F|  |TAMS 0x0000000711e00000, 0x0000000711e00000| Untracked 
| 110|0x0000000712000000, 0x0000000712000000, 0x0000000712200000|  0%| F|  |TAMS 0x0000000712000000, 0x0000000712000000| Untracked 
| 111|0x0000000712200000, 0x0000000712200000, 0x0000000712400000|  0%| F|  |TAMS 0x0000000712200000, 0x0000000712200000| Untracked 
| 112|0x0000000712400000, 0x00000007124b82d0, 0x0000000712600000| 35%| E|  |TAMS 0x0000000712400000, 0x0000000712400000| Complete 
| 113|0x0000000712600000, 0x0000000712800000, 0x0000000712800000|100%| S|CS|TAMS 0x0000000712600000, 0x0000000712600000| Complete 
| 114|0x0000000712800000, 0x0000000712a00000, 0x0000000712a00000|100%| S|CS|TAMS 0x0000000712800000, 0x0000000712800000| Complete 
| 115|0x0000000712a00000, 0x0000000712c00000, 0x0000000712c00000|100%| E|CS|TAMS 0x0000000712a00000, 0x0000000712a00000| Complete 
| 116|0x0000000712c00000, 0x0000000712e00000, 0x0000000712e00000|100%| E|CS|TAMS 0x0000000712c00000, 0x0000000712c00000| Complete 
| 117|0x0000000712e00000, 0x0000000713000000, 0x0000000713000000|100%| E|CS|TAMS 0x0000000712e00000, 0x0000000712e00000| Complete 
| 118|0x0000000713000000, 0x0000000713200000, 0x0000000713200000|100%| E|CS|TAMS 0x0000000713000000, 0x0000000713000000| Complete 
| 119|0x0000000713200000, 0x0000000713400000, 0x0000000713400000|100%| E|CS|TAMS 0x0000000713200000, 0x0000000713200000| Complete 
| 120|0x0000000713400000, 0x0000000713600000, 0x0000000713600000|100%| E|CS|TAMS 0x0000000713400000, 0x0000000713400000| Complete 
| 121|0x0000000713600000, 0x0000000713800000, 0x0000000713800000|100%| E|CS|TAMS 0x0000000713600000, 0x0000000713600000| Complete 
| 122|0x0000000713800000, 0x0000000713a00000, 0x0000000713a00000|100%| E|CS|TAMS 0x0000000713800000, 0x0000000713800000| Complete 
| 123|0x0000000713a00000, 0x0000000713c00000, 0x0000000713c00000|100%| E|CS|TAMS 0x0000000713a00000, 0x0000000713a00000| Complete 
| 124|0x0000000713c00000, 0x0000000713e00000, 0x0000000713e00000|100%| E|CS|TAMS 0x0000000713c00000, 0x0000000713c00000| Complete 
| 125|0x0000000713e00000, 0x0000000714000000, 0x0000000714000000|100%| E|CS|TAMS 0x0000000713e00000, 0x0000000713e00000| Complete 

Card table byte_map: [0x000002b7b98a0000,0x000002b7ba080000] _byte_map_base: 0x000002b7b607e000

Marking Bits (Prev, Next): (CMBitMap*) 0x000002b7a63d7ff0, (CMBitMap*) 0x000002b7a63d8030
 Prev Bits: [0x000002b7ba860000, 0x000002b7be750000)
 Next Bits: [0x000002b7be750000, 0x000002b7c2640000)

Polling page: 0x000002b7a4040000

Metaspace:

Usage:
  Non-class:     15.23 MB used.
      Class:      1.98 MB used.
       Both:     17.21 MB used.

Virtual space:
  Non-class space:       16.00 MB reserved,      15.38 MB ( 96%) committed,  2 nodes.
      Class space:        1.00 GB reserved,       2.06 MB ( <1%) committed,  1 nodes.
             Both:        1.02 GB reserved,      17.44 MB (  2%) committed. 

Chunk freelists:
   Non-Class:  227.00 KB
       Class:  1.97 MB
        Both:  2.20 MB

MaxMetaspaceSize: unlimited
CompressedClassSpaceSize: 1.00 GB
Initial GC threshold: 21.00 MB
Current GC threshold: 21.00 MB
CDS: off
MetaspaceReclaimPolicy: balanced
 - commit_granule_bytes: 65536.
 - commit_granule_words: 8192.
 - virtual_space_node_default_size: 1048576.
 - enlarge_chunks_in_place: 1.
 - new_chunks_are_fully_committed: 0.
 - uncommit_free_chunks: 1.
 - use_allocation_guard: 0.
 - handle_deallocations: 1.


Internal statistics:

num_allocs_failed_limit: 0.
num_arena_births: 92.
num_arena_deaths: 0.
num_vsnodes_births: 3.
num_vsnodes_deaths: 0.
num_space_committed: 279.
num_space_uncommitted: 0.
num_chunks_returned_to_freelist: 0.
num_chunks_taken_from_freelist: 332.
num_chunk_merges: 0.
num_chunk_splits: 219.
num_chunks_enlarged: 181.
num_purges: 0.
num_inconsistent_stats: 0.

CodeHeap 'non-profiled nmethods': size=119168Kb used=592Kb max_used=592Kb free=118575Kb
 bounds [0x000002b7b13d0000, 0x000002b7b1640000, 0x000002b7b8830000]
CodeHeap 'profiled nmethods': size=119104Kb used=3187Kb max_used=3187Kb free=115916Kb
 bounds [0x000002b7a9830000, 0x000002b7a9b50000, 0x000002b7b0c80000]
CodeHeap 'non-nmethods': size=7488Kb used=1186Kb max_used=2887Kb free=6302Kb
 bounds [0x000002b7b0c80000, 0x000002b7b0f60000, 0x000002b7b13d0000]
 total_blobs=2031 nmethods=1559 adapters=385
 compilation: enabled
              stopped_count=0, restarted_count=0
 full_count=0

Compilation events (20 events):
Event: 3.667 Thread 0x000002b7c60b7230 1550       1       java.util.concurrent.atomic.AtomicLong::get (5 bytes)
Event: 3.667 Thread 0x000002b7c60b7230 nmethod 1550 0x000002b7b1463810 code [0x000002b7b14639a0, 0x000002b7b1463a78]
Event: 4.163 Thread 0x000002b7c60b7230 1551       3       java.util.concurrent.locks.AbstractQueuedSynchronizer::compareAndSetState (13 bytes)
Event: 4.163 Thread 0x000002b7c60b7230 nmethod 1551 0x000002b7a9b4ab10 code [0x000002b7a9b4aca0, 0x000002b7a9b4add8]
Event: 4.163 Thread 0x000002b7c60b7230 1552       3       java.util.concurrent.locks.AbstractQueuedSynchronizer::release (19 bytes)
Event: 4.163 Thread 0x000002b7c60b7230 nmethod 1552 0x000002b7a9b4ae90 code [0x000002b7a9b4b080, 0x000002b7a9b4b508]
Event: 4.273 Thread 0x000002b7c60b7230 1553       3       java.util.ArrayList::isEmpty (13 bytes)
Event: 4.274 Thread 0x000002b7c60b7230 nmethod 1553 0x000002b7a9b4b690 code [0x000002b7a9b4b820, 0x000002b7a9b4b998]
Event: 4.666 Thread 0x000002b7c60b7230 1554       3       jdk.internal.reflect.ClassFileAssembler::emitByte (11 bytes)
Event: 4.666 Thread 0x000002b7c60b7230 nmethod 1554 0x000002b7a9b4ba10 code [0x000002b7a9b4bbc0, 0x000002b7a9b4bd48]
Event: 4.666 Thread 0x000002b7c60b7230 1555       3       jdk.internal.reflect.ByteVectorImpl::add (38 bytes)
Event: 4.666 Thread 0x000002b7c60b7230 nmethod 1555 0x000002b7a9b4be90 code [0x000002b7a9b4c040, 0x000002b7a9b4c228]
Event: 5.170 Thread 0x000002b7c60b7230 1556       3       java.util.concurrent.ThreadPoolExecutor::runStateAtLeast (11 bytes)
Event: 5.170 Thread 0x000002b7c60b7230 nmethod 1556 0x000002b7a9b4c390 code [0x000002b7a9b4c520, 0x000002b7a9b4c678]
Event: 5.390 Thread 0x000002b7c60b7230 1557       3       java.lang.String::decodeASCII (64 bytes)
Event: 5.390 Thread 0x000002b7c60b7230 nmethod 1557 0x000002b7a9b4c710 code [0x000002b7a9b4c8e0, 0x000002b7a9b4cc38]
Event: 5.390 Thread 0x000002b7c60b7230 1558       1       java.util.LinkedList::size (5 bytes)
Event: 5.390 Thread 0x000002b7c60b7230 nmethod 1558 0x000002b7b1463b10 code [0x000002b7b1463ca0, 0x000002b7b1463d78]
Event: 5.392 Thread 0x000002b7c60b7230 1560       3       java.lang.invoke.MethodHandles$Lookup::hasFullPrivilegeAccess (18 bytes)
Event: 5.392 Thread 0x000002b7c60b6880 1561       4       jdk.internal.org.objectweb.asm.Symbol::<init> (38 bytes)

GC Heap History (2 events):
Event: 0.411 GC heap before
{Heap before GC invocations=0 (full 0):
 garbage-first heap   total 258048K, used 30720K [0x0000000704400000, 0x0000000800000000)
  region size 2048K, 11 young (22528K), 0 survivors (0K)
 Metaspace       used 10562K, committed 10752K, reserved 1064960K
  class space    used 1056K, committed 1152K, reserved 1048576K
}
Event: 0.413 GC heap after
{Heap after GC invocations=1 (full 0):
 garbage-first heap   total 258048K, used 10117K [0x0000000704400000, 0x0000000800000000)
  region size 2048K, 2 young (4096K), 2 survivors (4096K)
 Metaspace       used 10562K, committed 10752K, reserved 1064960K
  class space    used 1056K, committed 1152K, reserved 1048576K
}

Dll operation events (2 events):
Event: 0.004 Loaded shared library A:\programm\Android Studio\jbr\bin\java.dll
Event: 0.077 Loaded shared library A:\programm\Android Studio\jbr\bin\verify.dll

Deoptimization events (20 events):
Event: 1.964 Thread 0x000002b7a636ef20 DEOPT PACKING pc=0x000002b7b1446084 sp=0x000000f1f9efc960
Event: 1.964 Thread 0x000002b7a636ef20 DEOPT UNPACKING pc=0x000002b7b0cda1a3 sp=0x000000f1f9efc8c8 mode 2
Event: 1.990 Thread 0x000002b7a636ef20 Uncommon trap: trap_request=0xffffffc6 fr.pc=0x000002b7b145b930 relative=0x0000000000000470
Event: 1.990 Thread 0x000002b7a636ef20 Uncommon trap: reason=bimorphic_or_optimized_type_check action=maybe_recompile pc=0x000002b7b145b930 method=java.util.HashMap.getNode(Ljava/lang/Object;)Ljava/util/HashMap$Node; @ 128 c2
Event: 1.990 Thread 0x000002b7a636ef20 DEOPT PACKING pc=0x000002b7b145b930 sp=0x000000f1f9efa7c0
Event: 1.990 Thread 0x000002b7a636ef20 DEOPT UNPACKING pc=0x000002b7b0cda1a3 sp=0x000000f1f9efa738 mode 2
Event: 1.990 Thread 0x000002b7a636ef20 Uncommon trap: trap_request=0xffffffc6 fr.pc=0x000002b7b145b930 relative=0x0000000000000470
Event: 1.990 Thread 0x000002b7a636ef20 Uncommon trap: reason=bimorphic_or_optimized_type_check action=maybe_recompile pc=0x000002b7b145b930 method=java.util.HashMap.getNode(Ljava/lang/Object;)Ljava/util/HashMap$Node; @ 128 c2
Event: 1.990 Thread 0x000002b7a636ef20 DEOPT PACKING pc=0x000002b7b145b930 sp=0x000000f1f9efa7c0
Event: 1.990 Thread 0x000002b7a636ef20 DEOPT UNPACKING pc=0x000002b7b0cda1a3 sp=0x000000f1f9efa738 mode 2
Event: 1.990 Thread 0x000002b7a636ef20 Uncommon trap: trap_request=0xffffffc6 fr.pc=0x000002b7b145b930 relative=0x0000000000000470
Event: 1.990 Thread 0x000002b7a636ef20 Uncommon trap: reason=bimorphic_or_optimized_type_check action=maybe_recompile pc=0x000002b7b145b930 method=java.util.HashMap.getNode(Ljava/lang/Object;)Ljava/util/HashMap$Node; @ 128 c2
Event: 1.990 Thread 0x000002b7a636ef20 DEOPT PACKING pc=0x000002b7b145b930 sp=0x000000f1f9efa7c0
Event: 1.990 Thread 0x000002b7a636ef20 DEOPT UNPACKING pc=0x000002b7b0cda1a3 sp=0x000000f1f9efa738 mode 2
Event: 1.990 Thread 0x000002b7a636ef20 Uncommon trap: trap_request=0xffffffc6 fr.pc=0x000002b7b145b930 relative=0x0000000000000470
Event: 1.990 Thread 0x000002b7a636ef20 Uncommon trap: reason=bimorphic_or_optimized_type_check action=maybe_recompile pc=0x000002b7b145b930 method=java.util.HashMap.getNode(Ljava/lang/Object;)Ljava/util/HashMap$Node; @ 128 c2
Event: 1.990 Thread 0x000002b7a636ef20 DEOPT PACKING pc=0x000002b7b145b930 sp=0x000000f1f9efa7c0
Event: 1.990 Thread 0x000002b7a636ef20 DEOPT UNPACKING pc=0x000002b7b0cda1a3 sp=0x000000f1f9efa738 mode 2
Event: 5.390 Thread 0x000002b7a636ef20 DEOPT PACKING pc=0x000002b7a99a6e29 sp=0x000000f1f9efc450
Event: 5.390 Thread 0x000002b7a636ef20 DEOPT UNPACKING pc=0x000002b7b0cdace3 sp=0x000000f1f9efb878 mode 0

Classes unloaded (0 events):
No events

Classes redefined (0 events):
No events

Internal exceptions (20 events):
Event: 0.438 Thread 0x000002b7a636ef20 Exception <a 'java/lang/NoSuchMethodError'{0x0000000713c257d0}: 'int java.lang.invoke.DirectMethodHandle$Holder.invokeSpecial(java.lang.Object, java.lang.Object, java.lang.Object)'> (0x0000000713c257d0) 
thrown [s\src\hotspot\share\interpreter\linkResolver.cpp, line 771]
Event: 0.440 Thread 0x000002b7a636ef20 Exception <a 'java/lang/NoSuchMethodError'{0x0000000713c38988}: 'java.lang.Object java.lang.invoke.Invokers$Holder.invokeExact_MT(java.lang.Object, java.lang.Object, java.lang.Object, java.lang.Object)'> (0x0000000713c38988) 
thrown [s\src\hotspot\share\interpreter\linkResolver.cpp, line 771]
Event: 0.490 Thread 0x000002b7a636ef20 Exception <a 'java/lang/NoSuchMethodError'{0x0000000713840d90}: 'java.lang.Object java.lang.invoke.DirectMethodHandle$Holder.invokeInterface(java.lang.Object, java.lang.Object, java.lang.Object)'> (0x0000000713840d90) 
thrown [s\src\hotspot\share\interpreter\linkResolver.cpp, line 771]
Event: 0.492 Thread 0x000002b7a636ef20 Exception <a 'java/lang/NoSuchMethodError'{0x0000000713862fd8}: 'void java.lang.invoke.DirectMethodHandle$Holder.invokeSpecial(java.lang.Object, java.lang.Object, java.lang.Object)'> (0x0000000713862fd8) 
thrown [s\src\hotspot\share\interpreter\linkResolver.cpp, line 771]
Event: 0.500 Thread 0x000002b7a636ef20 Implicit null exception at 0x000002b7b1422790 to 0x000002b7b1422d00
Event: 0.500 Thread 0x000002b7a636ef20 Implicit null exception at 0x000002b7b1413a90 to 0x000002b7b1413ffc
Event: 0.500 Thread 0x000002b7a636ef20 Implicit null exception at 0x000002b7b143240f to 0x000002b7b1432489
Event: 0.513 Thread 0x000002b7a636ef20 Exception <a 'java/lang/NoSuchMethodError'{0x0000000713602060}: 'java.lang.Object java.lang.invoke.DirectMethodHandle$Holder.invokeStaticInit(java.lang.Object)'> (0x0000000713602060) 
thrown [s\src\hotspot\share\interpreter\linkResolver.cpp, line 771]
Event: 0.578 Thread 0x000002b7a636ef20 Exception <a 'java/lang/NoSuchMethodError'{0x00000007135fb528}: 'java.lang.Object java.lang.invoke.DirectMethodHandle$Holder.invokeStaticInit(java.lang.Object, int, int, int, int)'> (0x00000007135fb528) 
thrown [s\src\hotspot\share\interpreter\linkResolver.cpp, line 771]
Event: 0.617 Thread 0x000002b7a636ef20 Exception <a 'java/lang/NoSuchMethodError'{0x000000071321f520}: 'java.lang.Object java.lang.invoke.DirectMethodHandle$Holder.invokeStaticInit(java.lang.Object, java.lang.Object, int, int, int, int)'> (0x000000071321f520) 
thrown [s\src\hotspot\share\interpreter\linkResolver.cpp, line 771]
Event: 0.705 Thread 0x000002b7a636ef20 Exception <a 'java/lang/NoSuchMethodError'{0x000000071324d250}: 'void java.lang.invoke.DirectMethodHandle$Holder.invokeStatic(java.lang.Object, java.lang.Object, java.lang.Object)'> (0x000000071324d250) 
thrown [s\src\hotspot\share\interpreter\linkResolver.cpp, line 771]
Event: 0.730 Thread 0x000002b7a636ef20 Implicit null exception at 0x000002b7b14087f2 to 0x000002b7b1408e44
Event: 0.730 Thread 0x000002b7a636ef20 Implicit null exception at 0x000002b7b140d172 to 0x000002b7b140d7e0
Event: 0.814 Thread 0x000002b7c786ecd0 Exception <a 'java/lang/NoSuchMethodError'{0x0000000712d1a538}: 'void java.lang.invoke.DirectMethodHandle$Holder.invokeStatic(java.lang.Object, long)'> (0x0000000712d1a538) 
thrown [s\src\hotspot\share\interpreter\linkResolver.cpp, line 771]
Event: 0.815 Thread 0x000002b7c786ecd0 Exception <a 'java/lang/NoSuchMethodError'{0x0000000712d1fbe8}: 'java.lang.Object java.lang.invoke.DirectMethodHandle$Holder.newInvokeSpecial(java.lang.Object, long)'> (0x0000000712d1fbe8) 
thrown [s\src\hotspot\share\interpreter\linkResolver.cpp, line 771]
Event: 0.816 Thread 0x000002b7c786ecd0 Exception <a 'java/lang/NoSuchMethodError'{0x0000000712d2a790}: 'java.lang.Object java.lang.invoke.DirectMethodHandle$Holder.invokeStaticInit(java.lang.Object, java.lang.Object, long, java.lang.Object)'> (0x0000000712d2a790) 
thrown [s\src\hotspot\share\interpreter\linkResolver.cpp, line 771]
Event: 0.817 Thread 0x000002b7c786ecd0 Exception <a 'java/lang/NoSuchMethodError'{0x0000000712d30e18}: 'java.lang.Object java.lang.invoke.DirectMethodHandle$Holder.newInvokeSpecial(java.lang.Object, java.lang.Object, long)'> (0x0000000712d30e18) 
thrown [s\src\hotspot\share\interpreter\linkResolver.cpp, line 771]
Event: 0.817 Thread 0x000002b7c786ecd0 Exception <a 'java/lang/NoSuchMethodError'{0x0000000712d35108}: 'java.lang.Object java.lang.invoke.Invokers$Holder.linkToTargetMethod(java.lang.Object, long, java.lang.Object)'> (0x0000000712d35108) 
thrown [s\src\hotspot\share\interpreter\linkResolver.cpp, line 771]
Event: 5.382 Thread 0x000002b7a636ef20 Exception <a 'sun/net/ConnectionResetException'{0x0000000712be9408}: Connection reset> (0x0000000712be9408) 
thrown [s\src\hotspot\share\prims\jni.cpp, line 536]
Event: 5.391 Thread 0x000002b7a636ef20 Exception <a 'java/lang/NoSuchMethodError'{0x0000000712458bc0}: 'int java.lang.invoke.DirectMethodHandle$Holder.invokeVirtual(java.lang.Object, java.lang.Object)'> (0x0000000712458bc0) 
thrown [s\src\hotspot\share\interpreter\linkResolver.cpp, line 771]

VM Operations (20 events):
Event: 0.437 Executing VM operation: HandshakeAllThreads
Event: 0.437 Executing VM operation: HandshakeAllThreads done
Event: 0.551 Executing VM operation: HandshakeAllThreads
Event: 0.551 Executing VM operation: HandshakeAllThreads done
Event: 0.616 Executing VM operation: HandshakeAllThreads
Event: 0.616 Executing VM operation: HandshakeAllThreads done
Event: 0.820 Executing VM operation: HandshakeAllThreads
Event: 0.820 Executing VM operation: HandshakeAllThreads done
Event: 0.838 Executing VM operation: HandshakeAllThreads
Event: 0.838 Executing VM operation: HandshakeAllThreads done
Event: 1.851 Executing VM operation: Cleanup
Event: 1.851 Executing VM operation: Cleanup done
Event: 1.992 Executing VM operation: HandshakeAllThreads
Event: 1.993 Executing VM operation: HandshakeAllThreads done
Event: 2.010 Executing VM operation: HandshakeAllThreads
Event: 2.010 Executing VM operation: HandshakeAllThreads done
Event: 3.023 Executing VM operation: Cleanup
Event: 3.023 Executing VM operation: Cleanup done
Event: 5.027 Executing VM operation: Cleanup
Event: 5.027 Executing VM operation: Cleanup done

Events (20 events):
Event: 4.665 loading class jdk/internal/reflect/ByteVectorImpl
Event: 4.665 loading class jdk/internal/reflect/ByteVector
Event: 4.665 loading class jdk/internal/reflect/ByteVector done
Event: 4.665 loading class jdk/internal/reflect/ByteVectorImpl done
Event: 4.665 loading class jdk/internal/reflect/ClassFileAssembler
Event: 4.666 loading class jdk/internal/reflect/ClassFileAssembler done
Event: 4.666 loading class jdk/internal/reflect/UTF8
Event: 4.666 loading class jdk/internal/reflect/UTF8 done
Event: 4.666 loading class jdk/internal/reflect/Label
Event: 4.666 loading class jdk/internal/reflect/Label done
Event: 4.666 loading class jdk/internal/reflect/Label$PatchInfo
Event: 4.666 loading class jdk/internal/reflect/Label$PatchInfo done
Event: 4.667 loading class jdk/internal/reflect/MethodAccessorGenerator$1
Event: 4.667 loading class jdk/internal/reflect/MethodAccessorGenerator$1 done
Event: 4.667 loading class jdk/internal/reflect/ClassDefiner
Event: 4.667 loading class jdk/internal/reflect/ClassDefiner done
Event: 4.667 loading class jdk/internal/reflect/ClassDefiner$1
Event: 4.667 loading class jdk/internal/reflect/ClassDefiner$1 done
Event: 5.382 loading class sun/net/ConnectionResetException
Event: 5.382 loading class sun/net/ConnectionResetException done


Dynamic libraries:
0x00007ff643d60000 - 0x00007ff643d6a000 	A:\programm\Android Studio\jbr\bin\java.exe
0x00007ffe9fe70000 - 0x00007ffea0068000 	C:\Windows\SYSTEM32\ntdll.dll
0x00007ffe9f8e0000 - 0x00007ffe9f99d000 	C:\Windows\System32\KERNEL32.DLL
0x00007ffe9d520000 - 0x00007ffe9d816000 	C:\Windows\System32\KERNELBASE.dll
0x00007ffe9daa0000 - 0x00007ffe9dba0000 	C:\Windows\System32\ucrtbase.dll
0x00007ffe90800000 - 0x00007ffe90817000 	A:\programm\Android Studio\jbr\bin\jli.dll
0x00007ffe907e0000 - 0x00007ffe907fb000 	A:\programm\Android Studio\jbr\bin\VCRUNTIME140.dll
0x00007ffe9f650000 - 0x00007ffe9f7ef000 	C:\Windows\System32\USER32.dll
0x00007ffe9ddc0000 - 0x00007ffe9dde2000 	C:\Windows\System32\win32u.dll
0x00007ffe60930000 - 0x00007ffe60bca000 	C:\Windows\WinSxS\amd64_microsoft.windows.common-controls_6595b64144ccf1df_6.0.19041.3636_none_60b6a03d71f818d5\COMCTL32.dll
0x00007ffe9f450000 - 0x00007ffe9f47b000 	C:\Windows\System32\GDI32.dll
0x00007ffe9e9f0000 - 0x00007ffe9ea8e000 	C:\Windows\System32\msvcrt.dll
0x00007ffe9d890000 - 0x00007ffe9d9a7000 	C:\Windows\System32\gdi32full.dll
0x00007ffe9da00000 - 0x00007ffe9da9d000 	C:\Windows\System32\msvcp_win.dll
0x00007ffe9f410000 - 0x00007ffe9f442000 	C:\Windows\System32\IMM32.DLL
0x00007ffe907d0000 - 0x00007ffe907dc000 	A:\programm\Android Studio\jbr\bin\vcruntime140_1.dll
0x00007ffe42510000 - 0x00007ffe4259d000 	A:\programm\Android Studio\jbr\bin\msvcp140.dll
0x00007ffe03390000 - 0x00007ffe03ffe000 	A:\programm\Android Studio\jbr\bin\server\jvm.dll
0x00007ffe9f9a0000 - 0x00007ffe9fa50000 	C:\Windows\System32\ADVAPI32.dll
0x00007ffe9dfd0000 - 0x00007ffe9e070000 	C:\Windows\System32\sechost.dll
0x00007ffe9dea0000 - 0x00007ffe9dfc5000 	C:\Windows\System32\RPCRT4.dll
0x00007ffe9dd00000 - 0x00007ffe9dd27000 	C:\Windows\System32\bcrypt.dll
0x00007ffe8ad20000 - 0x00007ffe8ad47000 	C:\Windows\SYSTEM32\WINMM.dll
0x00007ffe7def0000 - 0x00007ffe7def9000 	C:\Windows\SYSTEM32\WSOCK32.dll
0x00007ffe90470000 - 0x00007ffe9047a000 	C:\Windows\SYSTEM32\VERSION.dll
0x00007ffe9f390000 - 0x00007ffe9f3fb000 	C:\Windows\System32\WS2_32.dll
0x00007ffe9bd20000 - 0x00007ffe9bd32000 	C:\Windows\SYSTEM32\kernel.appcore.dll
0x00007ffe90750000 - 0x00007ffe9075a000 	A:\programm\Android Studio\jbr\bin\jimage.dll
0x00007ffe9b0d0000 - 0x00007ffe9b2b4000 	C:\Windows\SYSTEM32\DBGHELP.DLL
0x00007ffe8d6e0000 - 0x00007ffe8d714000 	C:\Windows\SYSTEM32\dbgcore.DLL
0x00007ffe9dd30000 - 0x00007ffe9ddb2000 	C:\Windows\System32\bcryptPrimitives.dll
0x00007ffe620c0000 - 0x00007ffe620e5000 	A:\programm\Android Studio\jbr\bin\java.dll
0x00007ffe6dfe0000 - 0x00007ffe6dff8000 	A:\programm\Android Studio\jbr\bin\zip.dll
0x00007ffe9e270000 - 0x00007ffe9e9db000 	C:\Windows\System32\SHELL32.dll
0x00007ffe9b3c0000 - 0x00007ffe9bb5e000 	C:\Windows\SYSTEM32\windows.storage.dll
0x00007ffe9fa50000 - 0x00007ffe9fda3000 	C:\Windows\System32\combase.dll
0x00007ffe9cda0000 - 0x00007ffe9cdce000 	C:\Windows\SYSTEM32\Wldp.dll
0x00007ffe9f2c0000 - 0x00007ffe9f38d000 	C:\Windows\System32\OLEAUT32.dll
0x00007ffe9e130000 - 0x00007ffe9e1dd000 	C:\Windows\System32\SHCORE.dll
0x00007ffe9ea90000 - 0x00007ffe9eae5000 	C:\Windows\System32\shlwapi.dll
0x00007ffe9d450000 - 0x00007ffe9d473000 	C:\Windows\SYSTEM32\profapi.dll
0x00007ffe620a0000 - 0x00007ffe620b9000 	A:\programm\Android Studio\jbr\bin\net.dll
0x00007ffe94000000 - 0x00007ffe9410a000 	C:\Windows\SYSTEM32\WINHTTP.dll
0x00007ffe9cb80000 - 0x00007ffe9cbea000 	C:\Windows\system32\mswsock.dll
0x00007ffe62080000 - 0x00007ffe62096000 	A:\programm\Android Studio\jbr\bin\nio.dll
0x00007ffe88770000 - 0x00007ffe88780000 	A:\programm\Android Studio\jbr\bin\verify.dll
0x00007ffe62000000 - 0x00007ffe62027000 	C:\Users\Radwa Mostafa\.gradle\native\e1d6ef7f7dcc3fd88c89a11ec53ec762bb8ba0a96d01ffa2cd45eb1d1d8dd5c5\windows-amd64\native-platform.dll
0x00007ffe66260000 - 0x00007ffe66269000 	A:\programm\Android Studio\jbr\bin\management.dll
0x00007ffe61ff0000 - 0x00007ffe61ffb000 	A:\programm\Android Studio\jbr\bin\management_ext.dll
0x00007ffe9f8d0000 - 0x00007ffe9f8d8000 	C:\Windows\System32\PSAPI.DLL
0x00007ffe9cde0000 - 0x00007ffe9cdf8000 	C:\Windows\SYSTEM32\CRYPTSP.dll
0x00007ffe9c4d0000 - 0x00007ffe9c504000 	C:\Windows\system32\rsaenh.dll
0x00007ffe9d410000 - 0x00007ffe9d43e000 	C:\Windows\SYSTEM32\USERENV.dll
0x00007ffe9cd10000 - 0x00007ffe9cd1c000 	C:\Windows\SYSTEM32\CRYPTBASE.dll
0x00007ffe9c890000 - 0x00007ffe9c8cb000 	C:\Windows\SYSTEM32\IPHLPAPI.DLL
0x00007ffe9f400000 - 0x00007ffe9f408000 	C:\Windows\System32\NSI.dll
0x00007ffe930e0000 - 0x00007ffe930f7000 	C:\Windows\SYSTEM32\dhcpcsvc6.DLL
0x00007ffe93010000 - 0x00007ffe9302d000 	C:\Windows\SYSTEM32\dhcpcsvc.DLL
0x00007ffe9c8d0000 - 0x00007ffe9c99b000 	C:\Windows\SYSTEM32\DNSAPI.dll
0x00007ffe1fe40000 - 0x00007ffe1fe47000 	C:\Windows\system32\wshunix.dll

dbghelp: loaded successfully - version: 4.0.5 - missing functions: none
symbol engine: initialized successfully - sym options: 0x614 - pdb path: .;A:\programm\Android Studio\jbr\bin;C:\Windows\SYSTEM32;C:\Windows\WinSxS\amd64_microsoft.windows.common-controls_6595b64144ccf1df_6.0.19041.3636_none_60b6a03d71f818d5;A:\programm\Android Studio\jbr\bin\server;C:\Users\Radwa Mostafa\.gradle\native\e1d6ef7f7dcc3fd88c89a11ec53ec762bb8ba0a96d01ffa2cd45eb1d1d8dd5c5\windows-amd64

VM Arguments:
jvm_args: -Dorg.gradle.appname=gradlew 
java_command: org.gradle.wrapper.GradleWrapperMain -q -Ptarget-platform=android-x86 -Ptarget=A:\GP_Virtual\MEYAA-GP1\app\lib\main.dart -Pbase-application-name=android.app.Application -Pdart-defines=RkxVVFRFUl9XRUJfQVVUT19ERVRFQ1Q9dHJ1ZQ==,RkxVVFRFUl9XRUJfQ0FOVkFTS0lUX1VSTD1odHRwczovL3d3dy5nc3RhdGljLmNvbS9mbHV0dGVyLWNhbnZhc2tpdC82ZTJlYTU4YTVjY2JlZmNmYWRjMmQ0YjdiODA0NWZjNmMyMGFiODEyLw== -Pdart-obfuscation=false -Ptrack-widget-creation=true -Ptree-shake-icons=false -Pfilesystem-scheme=org-dartlang-root assembleDebug
java_class_path (initial): A:\GP_Virtual\MEYAA-GP1\app\android\\gradle\wrapper\gradle-wrapper.jar
Launcher Type: SUN_STANDARD

[Global flags]
     intx CICompilerCount                          = 12                                        {product} {ergonomic}
     uint ConcGCThreads                            = 3                                         {product} {ergonomic}
     uint G1ConcRefinementThreads                  = 13                                        {product} {ergonomic}
   size_t G1HeapRegionSize                         = 2097152                                   {product} {ergonomic}
    uintx GCDrainStackTargetSize                   = 64                                        {product} {ergonomic}
   size_t InitialHeapSize                          = 264241152                                 {product} {ergonomic}
   size_t MarkStackSize                            = 4194304                                   {product} {ergonomic}
   size_t MaxHeapSize                              = 4223664128                                {product} {ergonomic}
   size_t MaxNewSize                               = 2533359616                                {product} {ergonomic}
   size_t MinHeapDeltaBytes                        = 2097152                                   {product} {ergonomic}
   size_t MinHeapSize                              = 8388608                                   {product} {ergonomic}
    uintx NonNMethodCodeHeapSize                   = 7602480                                {pd product} {ergonomic}
    uintx NonProfiledCodeHeapSize                  = 122027880                              {pd product} {ergonomic}
    uintx ProfiledCodeHeapSize                     = 122027880                              {pd product} {ergonomic}
    uintx ReservedCodeCacheSize                    = 251658240                              {pd product} {ergonomic}
     bool SegmentedCodeCache                       = true                                      {product} {ergonomic}
   size_t SoftMaxHeapSize                          = 4223664128                             {manageable} {ergonomic}
     bool UseCompressedClassPointers               = true                           {product lp64_product} {ergonomic}
     bool UseCompressedOops                        = true                           {product lp64_product} {ergonomic}
     bool UseG1GC                                  = true                                      {product} {ergonomic}
     bool UseLargePagesIndividualAllocation        = false                                  {pd product} {ergonomic}

Logging:
Log output configuration:
 #0: stdout all=warning uptime,level,tags
 #1: stderr all=off uptime,level,tags

Environment Variables:
JAVA_HOME=A:\programm\Android Studio\jbr
CLASSPATH=A:\GP_Virtual\MEYAA-GP1\app\android\\gradle\wrapper\gradle-wrapper.jar
PATH=A:\programm\Android Studio\jbr\bin;C:\Program Files\Common Files\Oracle\Java\javapath;C:\Program Files (x86)\Common Files\Oracle\Java\javapath;c:\app\product\11.2.0\client_1\bin;C:\app\product\12.1.0\dbhome_1\bin;C:\Program Files\Microsoft MPI\Bin\;C:\oraclexe\app\oracle\product\11.2.0\server\bin;C:\Visual8\Common7\IDE;C:\Visual8\VC\BIN;C:\Visual8\Common7\Tools;C:\Visual8\Com;C:\Program Files\Microsoft SQL Server\Client SDK\ODBC\170\Tools\Binn\;C:\Program Files\Azure Data Studio\bin;A:\programm\Git\cmd;C:\ProgramData\chocolatey\bin;C:\Program Files (x86)\Microsoft SQL Server\160\Tools\Binn\;C:\Program Files\Microsoft SQL Server\160\Tools\Binn\;C:\Program Files\Microsoft SQL Server\160\DTS\Binn\;C:\Program Files (x86)\Microsoft SQL Server\150\DTS\Binn\;C:\Program Files\Microsoft SQL Server\150\Tools\Binn\;C:\Program Files\Microsoft SQL Server\Client SDK\ODBC\110\Tools\Binn\;C:\Program Files\Microsoft SQL Server\120\DTS\Binn\;C:\Program Files\Microsoft SQL Server\130\Tools\Binn\;C:\Windows\System32;C:\Windows\System32\WindowsPowerShell\v1.0;A:\programm\Node.js\;C:\Program Files\dotnet\;C:\Program Files (x86)\Windows Kits\10\Windows Performance Toolkit\;C:\Program Files\Java\jdk-21;A:\programm\OpenSSL-Win64\bin;A:\programm\cmake-3.28.3-windows-x86_64\cmake-3.28.3-windows-x86_64\bin;c:\Users\Radwa Mostafa\AppData\Local\Programs\cursor\resources\app\bin;A:\programm\sqlite-tools-win-x64-3450100;C:\Users\Radwa Mostafa\AppData\Local\Programs\Python\Python310\Lib\site-packages\virtualenvwrapper;C:\Users\Radwa Mostafa\AppData\Local\Programs\Python\Python310\Lib\site-packages\virtualenvwrapper-6.1.0.dist-info;C:\Users\Radwa Mostafa\AppData\Local\Programs\Python\Python310\Scripts\;C:\Users\Radwa Mostafa\AppData\Local\Programs\Python\Python310\;C:\Users\Radwa Mostafa\AppData\Local\Microsoft\WindowsApps;C:\Program Files\Azure Data Studio\bin;C:\src\flutter\dart\bin;C:\tools\dart-sdk\bin;C:\src\flutter\bin;C:\Users\Radwa Mostafa\AppData\Roaming\Pub\Cache\bin;C:\Users\Radwa Mosta
USERNAME=Radwa Mostafa
LIBPATH=C:\Windows\Microsoft.NET\Framework\v2.0.50727;C:\Visual8\VC\ATLMFC\LIB;
OS=Windows_NT
PROCESSOR_IDENTIFIER=Intel64 Family 6 Model 141 Stepping 1, GenuineIntel
TMP=C:\Users\RADWAM~1\AppData\Local\Temp
TEMP=C:\Users\RADWAM~1\AppData\Local\Temp


JNI global refs:
JNI global refs: 28, weak refs: 0

JNI global refs memory usage: 843, weak refs: 209


---------------  S Y S T E M  ---------------

OS:
 Windows 10 , 64 bit Build 19041 (10.0.19041.3636)
OS uptime: 0 days 3:34 hours
Hyper-V role detected

CPU: total 16 (initial active 16) (8 cores per cpu, 2 threads per core) family 6 model 141 stepping 1 microcode 0x4e, cx8, cmov, fxsr, ht, mmx, 3dnowpref, sse, sse2, sse3, ssse3, sse4.1, sse4.2, popcnt, lzcnt, tsc, tscinvbit, avx, avx2, aes, erms, clmul, bmi1, bmi2, adx, avx512f, avx512dq, avx512cd, avx512bw, avx512vl, sha, fma, vzeroupper, avx512_vpopcntdq, avx512_vpclmulqdq, avx512_vaes, avx512_vnni, clflush, clflushopt, clwb, avx512_vbmi2, avx512_vbmi, hv

Memory: 4k page, system-wide physical 16110M (6592M free)
TotalPageFile size 24110M (AvailPageFile size 279M)
current process WorkingSet (physical memory assigned to process): 94M, peak: 100M
current process commit charge ("private bytes"): 369M, peak: 374M

vm_info: OpenJDK 64-Bit Server VM (17.0.6+0-b2043.56-10027231) for windows-amd64 JRE (17.0.6+0-b2043.56-10027231), built on Apr 28 2023 00:43:19 by "androidbuild" with MS VC++ 16.10 / 16.11 (VS2019)

END.
