#
# There is insufficient memory for the Java Runtime Environment to continue.
# Native memory allocation (mmap) failed to map 264241152 bytes for G1 virtual space
# Possible reasons:
#   The system is out of physical RAM or swap space
#   The process is running with CompressedOops enabled, and the Java Heap may be blocking the growth of the native heap
# Possible solutions:
#   Reduce memory load on the system
#   Increase physical memory or swap space
#   Check if swap backing store is full
#   Decrease Java heap size (-Xmx/-Xms)
#   Decrease number of Java threads
#   Decrease Java thread stack sizes (-Xss)
#   Set larger code cache with -XX:ReservedCodeCacheSize=
#   JVM is running with Zero Based Compressed Oops mode in which the Java heap is
#     placed in the first 32GB address space. The Java Heap base address is the
#     maximum limit for the native heap growth. Please use -XX:HeapBaseMinAddress
#     to set the Java Heap base and to place the Java Heap above 32GB virtual address.
# This output file may be truncated or incomplete.
#
#  Out of Memory Error (os_windows.cpp:3600), pid=5912, tid=11796
#
# JRE version:  (21.0.1+12) (build )
# Java VM: Java HotSpot(TM) 64-Bit Server VM (21.0.1+12-LTS-29, mixed mode, sharing, tiered, compressed oops, compressed class ptrs, g1 gc, windows-amd64)
# No core dump will be written. Minidumps are not enabled by default on client versions of Windows
#

---------------  S U M M A R Y ------------

Command Line: -Dorg.gradle.appname=gradlew org.gradle.wrapper.GradleWrapperMain -q -Ptarget-platform=android-x86 -Ptarget=A:\GP_Virtual\MEYAA-GP1\app\lib\main.dart -Pbase-application-name=android.app.Application -Pdart-defines=RkxVVFRFUl9XRUJfQVVUT19ERVRFQ1Q9dHJ1ZQ==,RkxVVFRFUl9XRUJfQ0FOVkFTS0lUX1VSTD1odHRwczovL3d3dy5nc3RhdGljLmNvbS9mbHV0dGVyLWNhbnZhc2tpdC9lNzZjOTU2NDk4ODQxZTFhYjQ1ODU3N2QzODkyMDAzZTU1M2U0ZjNjLw== -Pdart-obfuscation=false -Ptrack-widget-creation=true -Ptree-shake-icons=false -Pfilesystem-scheme=org-dartlang-root assembleDebug

Host: 11th Gen Intel(R) Core(TM) i7-11800H @ 2.30GHz, 16 cores, 15G,  Windows 10 , 64 bit Build 19041 (10.0.19041.3636)
Time: Wed Apr  3 01:10:59 2024 Egypt Standard Time elapsed time: 0.007196 seconds (0d 0h 0m 0s)

---------------  T H R E A D  ---------------

Current thread (0x000002d94dcc7d30):  JavaThread "Unknown thread" [_thread_in_vm, id=11796, stack(0x000000e169800000,0x000000e169900000) (1024K)]

Stack: [0x000000e169800000,0x000000e169900000]
Native frames: (J=compiled Java code, j=interpreted, Vv=VM code, C=native code)
V  [jvm.dll+0x6c9029]
V  [jvm.dll+0x854b81]
V  [jvm.dll+0x856e5e]
V  [jvm.dll+0x857543]
V  [jvm.dll+0x280c06]
V  [jvm.dll+0x6c5715]
V  [jvm.dll+0x6ba10a]
V  [jvm.dll+0x3557ea]
V  [jvm.dll+0x35d436]
V  [jvm.dll+0x3ae1be]
V  [jvm.dll+0x3ae468]
V  [jvm.dll+0x3291fc]
V  [jvm.dll+0x329d8b]
V  [jvm.dll+0x81d179]
V  [jvm.dll+0x3bb4f1]
V  [jvm.dll+0x805ae8]
V  [jvm.dll+0x44effe]
V  [jvm.dll+0x450901]
C  [jli.dll+0x52a3]
C  [ucrtbase.dll+0x21bb2]
C  [KERNEL32.DLL+0x17344]
C  [ntdll.dll+0x526b1]


---------------  P R O C E S S  ---------------

Threads class SMR info:
_java_thread_list=0x00007ffa48319b88, length=0, elements={
}

Java Threads: ( => current thread )
Total: 0

Other Threads:
  0x000002d94ff57c30 WorkerThread "GC Thread#0"                     [id=5784, stack(0x000000e169900000,0x000000e169a00000) (1024K)]
  0x000002d94ff686e0 ConcurrentGCThread "G1 Main Marker"            [id=12528, stack(0x000000e169a00000,0x000000e169b00000) (1024K)]
  0x000002d94ff692a0 WorkerThread "G1 Conc#0"                       [id=8796, stack(0x000000e169b00000,0x000000e169c00000) (1024K)]

[error occurred during error reporting (printing all threads), id 0xc0000005, EXCEPTION_ACCESS_VIOLATION (0xc0000005) at pc=0x00007ffa47a8c2c7]
VM state: not at safepoint (not fully initialized)

VM Mutex/Monitor currently owned by a thread:  ([mutex/lock_event])
[0x00007ffa4838a6f8] Heap_lock - owner thread: 0x000002d94dcc7d30

Heap address: 0x0000000704400000, size: 4028 MB, Compressed Oops mode: Zero based, Oop shift amount: 3

CDS archive(s) mapped at: [0x0000000000000000-0x0000000000000000-0x0000000000000000), size 0, SharedBaseAddress: 0x0000000800000000, ArchiveRelocationMode: 1.
Narrow klass base: 0x0000000000000000, Narrow klass shift: 0, Narrow klass range: 0x0

GC Precious Log:
 CardTable entry size: 512
 Card Set container configuration: InlinePtr #cards 4 size 8 Array Of Cards #cards 16 size 48 Howl #buckets 8 coarsen threshold 3686 Howl Bitmap #cards 512 size 80 coarsen threshold 460 Card regions per heap region 1 cards per card region 4096

Heap:
 garbage-first heap   total 0K, used 0K [0x0000000704400000, 0x0000000800000000)
  region size 2048K, 0 young (0K), 0 survivors (0K)

[error occurred during error reporting (printing heap information), id 0xc0000005, EXCEPTION_ACCESS_VIOLATION (0xc0000005) at pc=0x00007ffa47e71be9]
GC Heap History (0 events):
No events

Dll operation events (1 events):
Event: 0.004 Loaded shared library C:\Program Files\Java\jdk-21\bin\java.dll

Deoptimization events (0 events):
No events

Classes loaded (0 events):
No events

Classes unloaded (0 events):
No events

Classes redefined (0 events):
No events

Internal exceptions (0 events):
No events

ZGC Phase Switch (0 events):
No events

VM Operations (0 events):
No events

Events (0 events):
No events


Dynamic libraries:
0x00007ff600f70000 - 0x00007ff600f80000 	C:\Program Files\Java\jdk-21\bin\java.exe
0x00007ffac4bd0000 - 0x00007ffac4dc8000 	C:\Windows\SYSTEM32\ntdll.dll
0x00007ffac2f10000 - 0x00007ffac2fcd000 	C:\Windows\System32\KERNEL32.DLL
0x00007ffac2280000 - 0x00007ffac2576000 	C:\Windows\System32\KERNELBASE.dll
0x00007ffac27a0000 - 0x00007ffac28a0000 	C:\Windows\System32\ucrtbase.dll
0x00007ffa86880000 - 0x00007ffa8689b000 	C:\Program Files\Java\jdk-21\bin\VCRUNTIME140.dll
0x00007ffa86860000 - 0x00007ffa86879000 	C:\Program Files\Java\jdk-21\bin\jli.dll
0x00007ffac4060000 - 0x00007ffac4110000 	C:\Windows\System32\ADVAPI32.dll
0x00007ffac4190000 - 0x00007ffac422e000 	C:\Windows\System32\msvcrt.dll
0x00007ffac4230000 - 0x00007ffac42d0000 	C:\Windows\System32\sechost.dll
0x00007ffac4530000 - 0x00007ffac4655000 	C:\Windows\System32\RPCRT4.dll
0x00007ffac2bd0000 - 0x00007ffac2bf7000 	C:\Windows\System32\bcrypt.dll
0x00007ffac3710000 - 0x00007ffac38af000 	C:\Windows\System32\USER32.dll
0x00007ffac2930000 - 0x00007ffac2952000 	C:\Windows\System32\win32u.dll
0x00007ffa85fd0000 - 0x00007ffa8626a000 	C:\Windows\WinSxS\amd64_microsoft.windows.common-controls_6595b64144ccf1df_6.0.19041.3636_none_60b6a03d71f818d5\COMCTL32.dll
0x00007ffac4030000 - 0x00007ffac405b000 	C:\Windows\System32\GDI32.dll
0x00007ffac25d0000 - 0x00007ffac26e7000 	C:\Windows\System32\gdi32full.dll
0x00007ffac2960000 - 0x00007ffac29fd000 	C:\Windows\System32\msvcp_win.dll
0x00007ffab5c50000 - 0x00007ffab5c5a000 	C:\Windows\SYSTEM32\VERSION.dll
0x00007ffac2c00000 - 0x00007ffac2c32000 	C:\Windows\System32\IMM32.DLL
0x00007ffab9c10000 - 0x00007ffab9c1c000 	C:\Program Files\Java\jdk-21\bin\vcruntime140_1.dll
0x00007ffa866e0000 - 0x00007ffa8676e000 	C:\Program Files\Java\jdk-21\bin\msvcp140.dll
0x00007ffa47750000 - 0x00007ffa48465000 	C:\Program Files\Java\jdk-21\bin\server\jvm.dll
0x00007ffac2c50000 - 0x00007ffac2cbb000 	C:\Windows\System32\WS2_32.dll
0x00007ffac20e0000 - 0x00007ffac212b000 	C:\Windows\SYSTEM32\POWRPROF.dll
0x00007ffaafcf0000 - 0x00007ffaafd17000 	C:\Windows\SYSTEM32\WINMM.dll
0x00007ffac20c0000 - 0x00007ffac20d2000 	C:\Windows\SYSTEM32\UMPDC.dll
0x00007ffac0ad0000 - 0x00007ffac0ae2000 	C:\Windows\SYSTEM32\kernel.appcore.dll
0x00007ffab5a90000 - 0x00007ffab5a9a000 	C:\Program Files\Java\jdk-21\bin\jimage.dll
0x00007ffabfe30000 - 0x00007ffac0014000 	C:\Windows\SYSTEM32\DBGHELP.DLL
0x00007ffab2b90000 - 0x00007ffab2bc4000 	C:\Windows\SYSTEM32\dbgcore.DLL
0x00007ffac28a0000 - 0x00007ffac2922000 	C:\Windows\System32\bcryptPrimitives.dll
0x00007ffa86840000 - 0x00007ffa8685f000 	C:\Program Files\Java\jdk-21\bin\java.dll

dbghelp: loaded successfully - version: 4.0.5 - missing functions: none
symbol engine: initialized successfully - sym options: 0x614 - pdb path: .;C:\Program Files\Java\jdk-21\bin;C:\Windows\SYSTEM32;C:\Windows\WinSxS\amd64_microsoft.windows.common-controls_6595b64144ccf1df_6.0.19041.3636_none_60b6a03d71f818d5;C:\Program Files\Java\jdk-21\bin\server

VM Arguments:
jvm_args: -Dorg.gradle.appname=gradlew 
java_command: org.gradle.wrapper.GradleWrapperMain -q -Ptarget-platform=android-x86 -Ptarget=A:\GP_Virtual\MEYAA-GP1\app\lib\main.dart -Pbase-application-name=android.app.Application -Pdart-defines=RkxVVFRFUl9XRUJfQVVUT19ERVRFQ1Q9dHJ1ZQ==,RkxVVFRFUl9XRUJfQ0FOVkFTS0lUX1VSTD1odHRwczovL3d3dy5nc3RhdGljLmNvbS9mbHV0dGVyLWNhbnZhc2tpdC9lNzZjOTU2NDk4ODQxZTFhYjQ1ODU3N2QzODkyMDAzZTU1M2U0ZjNjLw== -Pdart-obfuscation=false -Ptrack-widget-creation=true -Ptree-shake-icons=false -Pfilesystem-scheme=org-dartlang-root assembleDebug
java_class_path (initial): A:\GP_Virtual\MEYAA-GP1\app\android\\gradle\wrapper\gradle-wrapper.jar
Launcher Type: SUN_STANDARD

[Global flags]
     intx CICompilerCount                          = 12                                        {product} {ergonomic}
     uint ConcGCThreads                            = 3                                         {product} {ergonomic}
     uint G1ConcRefinementThreads                  = 13                                        {product} {ergonomic}
   size_t G1HeapRegionSize                         = 2097152                                   {product} {ergonomic}
    uintx GCDrainStackTargetSize                   = 64                                        {product} {ergonomic}
   size_t InitialHeapSize                          = 264241152                                 {product} {ergonomic}
   size_t MarkStackSize                            = 4194304                                   {product} {ergonomic}
   size_t MaxHeapSize                              = 4223664128                                {product} {ergonomic}
   size_t MinHeapDeltaBytes                        = 2097152                                   {product} {ergonomic}
   size_t MinHeapSize                              = 8388608                                   {product} {ergonomic}
    uintx NonNMethodCodeHeapSize                   = 7602480                                {pd product} {ergonomic}
    uintx NonProfiledCodeHeapSize                  = 122027880                              {pd product} {ergonomic}
    uintx ProfiledCodeHeapSize                     = 122027880                              {pd product} {ergonomic}
    uintx ReservedCodeCacheSize                    = 251658240                              {pd product} {ergonomic}
     bool SegmentedCodeCache                       = true                                      {product} {ergonomic}
   size_t SoftMaxHeapSize                          = 4223664128                             {manageable} {ergonomic}
     bool UseCompressedOops                        = true                           {product lp64_product} {ergonomic}
     bool UseG1GC                                  = true                                      {product} {ergonomic}
     bool UseLargePagesIndividualAllocation        = false                                  {pd product} {ergonomic}

Logging:
Log output configuration:
 #0: stdout all=warning uptime,level,tags foldmultilines=false
 #1: stderr all=off uptime,level,tags foldmultilines=false

Environment Variables:
JAVA_HOME=C:\Program Files\Java\jdk-21
CLASSPATH=A:\GP_Virtual\MEYAA-GP1\app\android\\gradle\wrapper\gradle-wrapper.jar
PATH=C:\Program Files\Java\jdk-21\bin;C:\Program Files\Common Files\Oracle\Java\javapath;C:\Program Files (x86)\Common Files\Oracle\Java\javapath;c:\app\product\11.2.0\client_1\bin;C:\app\product\12.1.0\dbhome_1\bin;C:\Program Files\Microsoft MPI\Bin\;C:\oraclexe\app\oracle\product\11.2.0\server\bin;C:\Visual8\Common7\IDE;C:\Visual8\VC\BIN;C:\Visual8\Common7\Tools;C:\Visual8\Com;C:\Program Files\Microsoft SQL Server\Client SDK\ODBC\170\Tools\Binn\;C:\Program Files\Azure Data Studio\bin;A:\programm\Git\cmd;C:\ProgramData\chocolatey\bin;C:\Program Files (x86)\Microsoft SQL Server\160\Tools\Binn\;C:\Program Files\Microsoft SQL Server\160\Tools\Binn\;C:\Program Files\Microsoft SQL Server\160\DTS\Binn\;C:\Program Files (x86)\Microsoft SQL Server\150\DTS\Binn\;C:\Program Files\Microsoft SQL Server\150\Tools\Binn\;C:\Program Files\Microsoft SQL Server\Client SDK\ODBC\110\Tools\Binn\;C:\Program Files\Microsoft SQL Server\120\DTS\Binn\;C:\Program Files\Microsoft SQL Server\130\Tools\Binn\;C:\Windows\System32;C:\Windows\System32\WindowsPowerShell\v1.0;A:\programm\Node.js\;C:\Program Files\dotnet\;C:\Program Files (x86)\Windows Kits\10\Windows Performance Toolkit\;C:\Program Files\Java\jdk-21;A:\programm\OpenSSL-Win64\bin;A:\programm\cmake-3.28.3-windows-x86_64\cmake-3.28.3-windows-x86_64\bin;c:\Users\Radwa Mostafa\AppData\Local\Programs\cursor\resources\app\bin;A:\programm\sqlite-tools-win-x64-3450100;C:\Users\Radwa Mostafa\AppData\Local\Programs\Python\Python310\Lib\site-packages\virtualenvwrapper;C:\Users\Radwa Mostafa\AppData\Local\Programs\Python\Python310\Lib\site-packages\virtualenvwrapper-6.1.0.dist-info;C:\Users\Radwa Mostafa\AppData\Local\Programs\Python\Python310\Scripts\;C:\Users\Radwa Mostafa\AppData\Local\Programs\Python\Python310\;C:\Users\Radwa Mostafa\AppData\Local\Microsoft\WindowsApps;C:\Program Files\Azure Data Studio\bin;C:\src\flutter\dart\bin;C:\tools\dart-sdk\bin;C:\src\flutter\bin;C:\Users\Radwa Mostafa\AppData\Roaming\Pub\Cache\bin;C:\Users\Radwa Mostafa\AppData\Local\Pub\Cache\bin;C:\Users\Radwa Mostafa\AppData\Roaming\npm;C:\Users\Radwa Mostafa\.dotnet\tools;C:\Program Files\Java\jdk-21\bin;C:\Users\Radwa Mostafa\AppData\Local\Programs\Microsoft VS Code\bin;C:\openssl-3.2.0;C:\Users\Radwa Mostafa\AppData\Local\Programs\Python\Python310\Lib\site-packages\virtualenvwrapper;C:\Users\Radwa Mostafa\AppData\Local\Programs\Python\Python310\Lib\site-packages\virtualenvwrapper-6.1.0.dist-info;;C:\src\flutter\bin\mingit\cmd;C:\src\flutter\bin\mingit\cmd
USERNAME=Radwa Mostafa
LIBPATH=C:\Windows\Microsoft.NET\Framework\v2.0.50727;C:\Visual8\VC\ATLMFC\LIB;
OS=Windows_NT
PROCESSOR_IDENTIFIER=Intel64 Family 6 Model 141 Stepping 1, GenuineIntel
TMP=C:\Users\RADWAM~1\AppData\Local\Temp
TEMP=C:\Users\RADWAM~1\AppData\Local\Temp




Periodic native trim disabled

---------------  S Y S T E M  ---------------

OS:
 Windows 10 , 64 bit Build 19041 (10.0.19041.3636)
OS uptime: 0 days 0:20 hours
Hyper-V role detected

CPU: total 16 (initial active 16) (8 cores per cpu, 2 threads per core) family 6 model 141 stepping 1 microcode 0x4e, cx8, cmov, fxsr, ht, mmx, 3dnowpref, sse, sse2, sse3, ssse3, sse4.1, sse4.2, popcnt, lzcnt, tsc, tscinvbit, avx, avx2, aes, erms, clmul, bmi1, bmi2, adx, avx512f, avx512dq, avx512cd, avx512bw, avx512vl, sha, fma, vzeroupper, avx512_vpopcntdq, avx512_vpclmulqdq, avx512_vaes, avx512_vnni, clflush, clflushopt, clwb, avx512_vbmi2, avx512_vbmi, hv, rdtscp, rdpid, fsrm, gfni, avx512_bitalg, f16c, cet_ibt, cet_ss, avx512_ifma
Processor Information for all 16 processors :
  Max Mhz: 2304, Current Mhz: 2304, Mhz Limit: 2304

Memory: 4k page, system-wide physical 16110M (1193M free)
TotalPageFile size 24110M (AvailPageFile size 104M)
current process WorkingSet (physical memory assigned to process): 10M, peak: 10M
current process commit charge ("private bytes"): 70M, peak: 322M

vm_info: Java HotSpot(TM) 64-Bit Server VM (21.0.1+12-LTS-29) for windows-amd64 JRE (21.0.1+12-LTS-29), built on 2023-10-05T13:27:09Z by "mach5one" with MS VC++ 17.1 (VS2022)

END.
