#
# There is insufficient memory for the Java Runtime Environment to continue.
# Native memory allocation (mmap) failed to map 264241152 bytes for G1 virtual space
# Possible reasons:
#   The system is out of physical RAM or swap space
#   The process is running with CompressedOops enabled, and the Java Heap may be blocking the growth of the native heap
# Possible solutions:
#   Reduce memory load on the system
#   Increase physical memory or swap space
#   Check if swap backing store is full
#   Decrease Java heap size (-Xmx/-Xms)
#   Decrease number of Java threads
#   Decrease Java thread stack sizes (-Xss)
#   Set larger code cache with -XX:ReservedCodeCacheSize=
#   JVM is running with Zero Based Compressed Oops mode in which the Java heap is
#     placed in the first 32GB address space. The Java Heap base address is the
#     maximum limit for the native heap growth. Please use -XX:HeapBaseMinAddress
#     to set the Java Heap base and to place the Java Heap above 32GB virtual address.
# This output file may be truncated or incomplete.
#
#  Out of Memory Error (os_windows.cpp:3769), pid=21816, tid=19696
#
# JRE version:  (17.0.6) (build )
# Java VM: OpenJDK 64-Bit Server VM (17.0.6+0-b2043.56-10027231, mixed mode, sharing, tiered, compressed oops, compressed class ptrs, g1 gc, windows-amd64)
# No core dump will be written. Minidumps are not enabled by default on client versions of Windows
#

---------------  S U M M A R Y ------------

Command Line: 

Host: 11th Gen Intel(R) Core(TM) i7-11800H @ 2.30GHz, 16 cores, 15G,  Windows 10 , 64 bit Build 19041 (10.0.19041.3636)
Time: Wed Apr  3 01:12:36 2024 Egypt Standard Time elapsed time: 0.005210 seconds (0d 0h 0m 0s)

---------------  T H R E A D  ---------------

Current thread (0x000001b08e8471f0):  JavaThread "Unknown thread" [_thread_in_vm, id=19696, stack(0x000000816cd00000,0x000000816ce00000)]

Stack: [0x000000816cd00000,0x000000816ce00000]
Native frames: (J=compiled Java code, j=interpreted, Vv=VM code, C=native code)
V  [jvm.dll+0x683c9a]
V  [jvm.dll+0x8427a4]
V  [jvm.dll+0x843f9e]
V  [jvm.dll+0x844603]
V  [jvm.dll+0x249b75]
V  [jvm.dll+0x680b69]
V  [jvm.dll+0x67505a]
V  [jvm.dll+0x309acb]
V  [jvm.dll+0x310f86]
V  [jvm.dll+0x3608ee]
V  [jvm.dll+0x360b1f]
V  [jvm.dll+0x2dfbf8]
V  [jvm.dll+0x2e0b64]
V  [jvm.dll+0x814091]
V  [jvm.dll+0x36e6a1]
V  [jvm.dll+0x7f35cc]
V  [jvm.dll+0x3f0e8f]
V  [jvm.dll+0x3f29d1]
C  [jli.dll+0x526b]
C  [ucrtbase.dll+0x21bb2]
C  [KERNEL32.DLL+0x17344]
C  [ntdll.dll+0x526b1]


---------------  P R O C E S S  ---------------

Threads class SMR info:
_java_thread_list=0x00007ff9e13fc058, length=0, elements={
}

Java Threads: ( => current thread )

Other Threads:
  0x000001b08e8b16e0 GCTaskThread "GC Thread#0" [stack: 0x000000816ce00000,0x000000816cf00000] [id=19720]
  0x000001b08e8c31f0 ConcurrentGCThread "G1 Main Marker" [stack: 0x000000816cf00000,0x000000816d000000] [id=19504]
  0x000001b08e8c3c00 ConcurrentGCThread "G1 Conc#0" [stack: 0x000000816d000000,0x000000816d100000] [id=19864]

[error occurred during error reporting (printing all threads), id 0xc0000005, EXCEPTION_ACCESS_VIOLATION (0xc0000005) at pc=0x00007ff9e0bb0797]

VM state: not at safepoint (not fully initialized)

VM Mutex/Monitor currently owned by a thread:  ([mutex/lock_event])
[0x000001b08e841c40] Heap_lock - owner thread: 0x000001b08e8471f0

Heap address: 0x0000000704400000, size: 4028 MB, Compressed Oops mode: Zero based, Oop shift amount: 3

CDS archive(s) mapped at: [0x0000000000000000-0x0000000000000000-0x0000000000000000), size 0, SharedBaseAddress: 0x0000000800000000, ArchiveRelocationMode: 0.
Narrow klass base: 0x0000000000000000, Narrow klass shift: 0, Narrow klass range: 0x0

GC Precious Log:
<Empty>

Heap:
 garbage-first heap   total 0K, used 0K [0x0000000704400000, 0x0000000800000000)
  region size 2048K, 0 young (0K), 0 survivors (0K)

[error occurred during error reporting (printing heap information), id 0xc0000005, EXCEPTION_ACCESS_VIOLATION (0xc0000005) at pc=0x00007ff9e0f9da89]

GC Heap History (0 events):
No events

Dll operation events (1 events):
Event: 0.003 Loaded shared library A:\programm\Android Studio\jbr\bin\java.dll

Deoptimization events (0 events):
No events

Classes unloaded (0 events):
No events

Classes redefined (0 events):
No events

Internal exceptions (0 events):
No events

VM Operations (0 events):
No events

Events (0 events):
No events


Dynamic libraries:
0x00007ff792720000 - 0x00007ff79272a000 	A:\programm\Android Studio\jbr\bin\java.EXE
0x00007ffac4bd0000 - 0x00007ffac4dc8000 	C:\Windows\SYSTEM32\ntdll.dll
0x00007ffac2f10000 - 0x00007ffac2fcd000 	C:\Windows\System32\KERNEL32.DLL
0x00007ffac2280000 - 0x00007ffac2576000 	C:\Windows\System32\KERNELBASE.dll
0x00007ffac27a0000 - 0x00007ffac28a0000 	C:\Windows\System32\ucrtbase.dll
0x00007ffa6e160000 - 0x00007ffa6e177000 	A:\programm\Android Studio\jbr\bin\jli.dll
0x00007ffa6e140000 - 0x00007ffa6e15b000 	A:\programm\Android Studio\jbr\bin\VCRUNTIME140.dll
0x00007ffac3710000 - 0x00007ffac38af000 	C:\Windows\System32\USER32.dll
0x00007ffac2930000 - 0x00007ffac2952000 	C:\Windows\System32\win32u.dll
0x00007ffa85fd0000 - 0x00007ffa8626a000 	C:\Windows\WinSxS\amd64_microsoft.windows.common-controls_6595b64144ccf1df_6.0.19041.3636_none_60b6a03d71f818d5\COMCTL32.dll
0x00007ffac4030000 - 0x00007ffac405b000 	C:\Windows\System32\GDI32.dll
0x00007ffac4190000 - 0x00007ffac422e000 	C:\Windows\System32\msvcrt.dll
0x00007ffac25d0000 - 0x00007ffac26e7000 	C:\Windows\System32\gdi32full.dll
0x00007ffac2960000 - 0x00007ffac29fd000 	C:\Windows\System32\msvcp_win.dll
0x00007ffac2c00000 - 0x00007ffac2c32000 	C:\Windows\System32\IMM32.DLL
0x00007ffa185e0000 - 0x00007ffa185ec000 	A:\programm\Android Studio\jbr\bin\vcruntime140_1.dll
0x00007ffa11b30000 - 0x00007ffa11bbd000 	A:\programm\Android Studio\jbr\bin\msvcp140.dll
0x00007ff9e08c0000 - 0x00007ff9e152e000 	A:\programm\Android Studio\jbr\bin\server\jvm.dll
0x00007ffac4060000 - 0x00007ffac4110000 	C:\Windows\System32\ADVAPI32.dll
0x00007ffac4230000 - 0x00007ffac42d0000 	C:\Windows\System32\sechost.dll
0x00007ffac4530000 - 0x00007ffac4655000 	C:\Windows\System32\RPCRT4.dll
0x00007ffac2bd0000 - 0x00007ffac2bf7000 	C:\Windows\System32\bcrypt.dll
0x00007ffaa33e0000 - 0x00007ffaa33e9000 	C:\Windows\SYSTEM32\WSOCK32.dll
0x00007ffaafcf0000 - 0x00007ffaafd17000 	C:\Windows\SYSTEM32\WINMM.dll
0x00007ffac2c50000 - 0x00007ffac2cbb000 	C:\Windows\System32\WS2_32.dll
0x00007ffab5c50000 - 0x00007ffab5c5a000 	C:\Windows\SYSTEM32\VERSION.dll
0x00007ffac0ad0000 - 0x00007ffac0ae2000 	C:\Windows\SYSTEM32\kernel.appcore.dll
0x00007ffa146d0000 - 0x00007ffa146da000 	A:\programm\Android Studio\jbr\bin\jimage.dll
0x00007ffabfe30000 - 0x00007ffac0014000 	C:\Windows\SYSTEM32\DBGHELP.DLL
0x00007ffab2b90000 - 0x00007ffab2bc4000 	C:\Windows\SYSTEM32\dbgcore.DLL
0x00007ffac28a0000 - 0x00007ffac2922000 	C:\Windows\System32\bcryptPrimitives.dll
0x00007ffa146a0000 - 0x00007ffa146c5000 	A:\programm\Android Studio\jbr\bin\java.dll

dbghelp: loaded successfully - version: 4.0.5 - missing functions: none
symbol engine: initialized successfully - sym options: 0x614 - pdb path: .;A:\programm\Android Studio\jbr\bin;C:\Windows\SYSTEM32;C:\Windows\WinSxS\amd64_microsoft.windows.common-controls_6595b64144ccf1df_6.0.19041.3636_none_60b6a03d71f818d5;A:\programm\Android Studio\jbr\bin\server

VM Arguments:
java_command: <unknown>
java_class_path (initial): <not set>
Launcher Type: SUN_STANDARD

[Global flags]
     intx CICompilerCount                          = 12                                        {product} {ergonomic}
     uint ConcGCThreads                            = 3                                         {product} {ergonomic}
     uint G1ConcRefinementThreads                  = 13                                        {product} {ergonomic}
   size_t G1HeapRegionSize                         = 2097152                                   {product} {ergonomic}
    uintx GCDrainStackTargetSize                   = 64                                        {product} {ergonomic}
   size_t InitialHeapSize                          = 264241152                                 {product} {ergonomic}
   size_t MarkStackSize                            = 4194304                                   {product} {ergonomic}
   size_t MaxHeapSize                              = 4223664128                                {product} {ergonomic}
   size_t MinHeapDeltaBytes                        = 2097152                                   {product} {ergonomic}
   size_t MinHeapSize                              = 8388608                                   {product} {ergonomic}
    uintx NonNMethodCodeHeapSize                   = 7602480                                {pd product} {ergonomic}
    uintx NonProfiledCodeHeapSize                  = 122027880                              {pd product} {ergonomic}
    uintx ProfiledCodeHeapSize                     = 122027880                              {pd product} {ergonomic}
    uintx ReservedCodeCacheSize                    = 251658240                              {pd product} {ergonomic}
     bool SegmentedCodeCache                       = true                                      {product} {ergonomic}
   size_t SoftMaxHeapSize                          = 4223664128                             {manageable} {ergonomic}
     bool UseCompressedClassPointers               = true                           {product lp64_product} {ergonomic}
     bool UseCompressedOops                        = true                           {product lp64_product} {ergonomic}
     bool UseG1GC                                  = true                                      {product} {ergonomic}
     bool UseLargePagesIndividualAllocation        = false                                  {pd product} {ergonomic}

Logging:
Log output configuration:
 #0: stdout all=warning uptime,level,tags
 #1: stderr all=off uptime,level,tags

Environment Variables:
JAVA_HOME=C:\Program Files\Java\jdk-21
PATH=C:\Program Files\Common Files\Oracle\Java\javapath;C:\Program Files (x86)\Common Files\Oracle\Java\javapath;c:\app\product\11.2.0\client_1\bin;C:\app\product\12.1.0\dbhome_1\bin;C:\Program Files\Microsoft MPI\Bin\;C:\oraclexe\app\oracle\product\11.2.0\server\bin;C:\Visual8\Common7\IDE;C:\Visual8\VC\BIN;C:\Visual8\Common7\Tools;C:\Visual8\Com;C:\Program Files\Microsoft SQL Server\Client SDK\ODBC\170\Tools\Binn\;C:\Program Files\Azure Data Studio\bin;A:\programm\Git\cmd;C:\ProgramData\chocolatey\bin;C:\Program Files (x86)\Microsoft SQL Server\160\Tools\Binn\;C:\Program Files\Microsoft SQL Server\160\Tools\Binn\;C:\Program Files\Microsoft SQL Server\160\DTS\Binn\;C:\Program Files (x86)\Microsoft SQL Server\150\DTS\Binn\;C:\Program Files\Microsoft SQL Server\150\Tools\Binn\;C:\Program Files\Microsoft SQL Server\Client SDK\ODBC\110\Tools\Binn\;C:\Program Files\Microsoft SQL Server\120\DTS\Binn\;C:\Program Files\Microsoft SQL Server\130\Tools\Binn\;C:\Windows\System32;C:\Windows\System32\WindowsPowerShell\v1.0;A:\programm\Node.js\;C:\Program Files\dotnet\;C:\Program Files (x86)\Windows Kits\10\Windows Performance Toolkit\;C:\Program Files\Java\jdk-21;A:\programm\OpenSSL-Win64\bin;A:\programm\cmake-3.28.3-windows-x86_64\cmake-3.28.3-windows-x86_64\bin;c:\Users\Radwa Mostafa\AppData\Local\Programs\cursor\resources\app\bin;A:\programm\sqlite-tools-win-x64-3450100;C:\Users\Radwa Mostafa\AppData\Local\Programs\Python\Python310\Lib\site-packages\virtualenvwrapper;C:\Users\Radwa Mostafa\AppData\Local\Programs\Python\Python310\Lib\site-packages\virtualenvwrapper-6.1.0.dist-info;C:\Users\Radwa Mostafa\AppData\Local\Programs\Python\Python310\Scripts\;C:\Users\Radwa Mostafa\AppData\Local\Programs\Python\Python310\;C:\Users\Radwa Mostafa\AppData\Local\Microsoft\WindowsApps;C:\Program Files\Azure Data Studio\bin;C:\src\flutter\dart\bin;C:\tools\dart-sdk\bin;C:\src\flutter\bin;C:\Users\Radwa Mostafa\AppData\Roaming\Pub\Cache\bin;C:\Users\Radwa Mostafa\AppData\Local\Pub\Cache\bin;C:\U
USERNAME=Radwa Mostafa
LIBPATH=C:\Windows\Microsoft.NET\Framework\v2.0.50727;C:\Visual8\VC\ATLMFC\LIB;
OS=Windows_NT
PROCESSOR_IDENTIFIER=Intel64 Family 6 Model 141 Stepping 1, GenuineIntel
TMP=C:\Users\RADWAM~1\AppData\Local\Temp
TEMP=C:\Users\RADWAM~1\AppData\Local\Temp


JNI global refs:

[error occurred during error reporting (JNI global references), id 0xc0000005, EXCEPTION_ACCESS_VIOLATION (0xc0000005) at pc=0x00007ff9e0977a10]


---------------  S Y S T E M  ---------------

OS:
 Windows 10 , 64 bit Build 19041 (10.0.19041.3636)
OS uptime: 0 days 0:21 hours
Hyper-V role detected

CPU: total 16 (initial active 16) (8 cores per cpu, 2 threads per core) family 6 model 141 stepping 1 microcode 0x4e, cx8, cmov, fxsr, ht, mmx, 3dnowpref, sse, sse2, sse3, ssse3, sse4.1, sse4.2, popcnt, lzcnt, tsc, tscinvbit, avx, avx2, aes, erms, clmul, bmi1, bmi2, adx, avx512f, avx512dq, avx512cd, avx512bw, avx512vl, sha, fma, vzeroupper, avx512_vpopcntdq, avx512_vpclmulqdq, avx512_vaes, avx512_vnni, clflush, clflushopt, clwb, avx512_vbmi2, avx512_vbmi, hv

Memory: 4k page, system-wide physical 16110M (1247M free)
TotalPageFile size 24110M (AvailPageFile size 115M)
current process WorkingSet (physical memory assigned to process): 10M, peak: 10M
current process commit charge ("private bytes"): 70M, peak: 322M

vm_info: OpenJDK 64-Bit Server VM (17.0.6+0-b2043.56-10027231) for windows-amd64 JRE (17.0.6+0-b2043.56-10027231), built on Apr 28 2023 00:43:19 by "androidbuild" with MS VC++ 16.10 / 16.11 (VS2019)

END.
